96.5044	0.965009	9.96435	1.35545	A	62.5	61.7188	I	1453	641
96.4744	0.964716	10.9319	1.33832	A	69.5312	87.5	I	911	750
95.7933	0.9579	12.1375	2.54573	A	61.7188	67.1875	I	842	725
96.2139	0.962128	12.0047	3.1012	A	70.3125	77.3438	I	816	778
96.3241	0.963251	10.9054	1.1768	A	70.3125	82.8125	I	1328	789
96.3241	0.963205	12.2341	3.69806	A	60.1562	67.9688	I	1216	780
96.1639	0.961606	10.5434	1.42501	A	68.75	79.6875	I	814	476
96.0136	0.960048	13.3245	4.44529	A	61.7188	60.9375	I	1400	1343
96.254	0.962526	12.5686	3.84889	A	78.9062	87.5	I	965	798
96.4443	0.964433	14.1197	4.14315	A	57.8125	78.9062	I	1176	333
96.0437	0.960371	12.0213	1.42333	A	78.125	99.2188	I	1041	341
96.1038	0.961001	13.7488	5.15841	A	64.8438	72.6562	I	822	796
96.1038	0.961003	13.6592	3.04629	A	58.5938	78.125	I	774	815
96.1138	0.96115	11.3289	1.5237	A	40.625	99.2188	I	274	538
96.1839	0.961802	11.9372	2.82146	A	53.125	50	I	901	876
96.0437	0.960437	13.7503	4.17413	A	63.2812	73.4375	I	1035	1269
96.2139	0.962159	12.658	3.15921	A	55.4688	55.4688	I	1326	1046
96.5745	0.965715	10.8267	1.23479	A	78.125	75	I	833	679
96.1138	0.961157	9.82852	2.44684	A	69.5312	74.2188	I	855	642
96.0737	0.960737	11.7739	1.59741	A	46.0938	70.3125	I	1068	1099
96.1939	0.961908	11.2243	2.33904	A	59.375	62.5	I	1462	998
96.1639	0.961623	11.241	4.22645	A	81.25	98.4375	I	1258	534
96.4143	0.96412	10.5329	1.75533	A	51.5625	60.1562	I	1199	878
96.4844	0.964847	10.9382	1.46107	A	21.875	25.7812	I	1108	668
96.3442	0.963415	11.7499	2.54761	A	81.25	65.625	I	1022	289
96.1538	0.96148	11.1819	1.38815	A	67.1875	78.125	I	869	751
96.1038	0.961011	15.7971	5.1418	A	69.5312	75.7812	I	1094	452
96.4844	0.964842	11.38	3.05849	A	75	86.7188	I	1197	379
96.274	0.9627	13.2439	3.21917	A	67.9688	75.7812	I	1118	1155
96.3141	0.9631	11.1466	4.07672	A	73.4375	92.9688	I	765	469
96.0737	0.960716	13.382	2.48767	A	66.4062	69.5312	I	966	543
96.2039	0.962029	12.1816	2.403	A	67.9688	70.3125	I	1307	962
96.1739	0.961758	11.5582	3.42149	A	78.9062	82.8125	I	1342	689
96.1438	0.9614	10.0079	2.36817	A	80.4688	75	I	866	379
96.1038	0.960978	11.2518	3.29413	A	66.4062	69.5312	I	1341	472
96.2841	0.962818	11.5447	2.21739	A	77.3438	85.1562	I	846	738
96.244	0.962399	7.80193	0.704045	A	67.9688	61.7188	I	1355	783
96.4543	0.964536	11.9638	2.73537	A	67.9688	78.125	I	999	360
96.3842	0.963797	12.1978	3.99193	A	77.3438	88.2812	I	1077	568
96.4343	0.964325	9.54177	0.7544	A	44.5312	42.1875	I	1096	623
96.3642	0.963602	14.9964	4.59911	A	61.7188	77.3438	I	871	1056
95.9836	0.959811	16.3296	5.13747	A	78.125	90.625	I	855	1083
96.3642	0.963635	11.8561	2.14117	A	68.75	77.3438	I	771	775
95.9535	0.959559	9.81532	1.08217	A	71.875	75.7812	I	1579	761
96.1538	0.961486	13.9262	5.60994	A	47.6562	54.6875	I	956	1090
96.4243	0.964211	14.4657	4.56048	A	78.9062	85.9375	I	1280	583
96.3542	0.963531	11.5891	3.11983	A	64.0625	66.4062	I	1208	752
95.8433	0.958388	14.7927	3.21163	A	73.4375	46.875	I	1204	787
96.3241	0.963225	10.2146	1.79207	A	80.4688	71.0938	I	1093	637
96.0537	0.960533	13.1499	2.80956	A	76.5625	81.25	I	856	758
95.8834	0.958787	12.843	3.43141	A	72.6562	87.5	I	817	896
95.613	0.956157	13.4268	3.18693	A	37.5	38.2812	I	1581	893
95.8634	0.958609	10.961	2.25541	A	59.375	69.5312	I	1554	800
96.3141	0.963122	14.2834	6.50424	A	83.5938	85.9375	I	1263	545
96.2139	0.962143	9.65191	2.30128	A	29.6875	21.0938	I	1219	121
96.3642	0.963618	9.91539	2.13731	A	49.2188	50	I	1511	1152
96.4343	0.964323	12.4118	2.09492	A	73.4375	89.0625	I	820	753
95.8834	0.958785	11.2708	4.40124	A	81.25	88.2812	I	818	638
96.3642	0.96362	10.3553	2.44591	A	53.9062	61.7188	I	850	794
96.3942	0.963904	10.376	1.54224	A	47.6562	63.2812	I	1369	838
96.2139	0.962074	10.6994	1.90049	A	62.5	78.9062	I	1239	1253
95.9736	0.959684	11.9946	3.10524	A	57.0312	64.0625	I	1578	1172
95.8834	0.958831	15.1753	5.02224	A	62.5	59.375	I	1384	427
96.1238	0.961197	11.7022	1.54131	A	81.25	88.2812	I	1360	1036
96.3241	0.963193	12.7558	1.01976	A	55.4688	64.8438	I	1152	930
96.3241	0.96319	14.0805	4.03134	A	57.0312	59.375	I	1148	787
96.244	0.962412	11.2387	1.63224	A	59.375	59.375	I	1091	640
96.254	0.962537	13.068	4.25138	A	38.2812	55.4688	I	943	897
96.2941	0.962875	11.7564	3.8289	A	62.5	85.1562	I	1205	1031
96.1639	0.961601	14.7725	4.64107	A	54.6875	57.8125	I	1569	772
96.0938	0.960905	12.0409	3.36639	A	53.9062	64.8438	I	1361	742
96.0537	0.960506	12.568	2.92228	A	64.8438	86.7188	I	1044	581
96.224	0.962209	13.0886	4.06438	A	56.25	60.1562	I	1068	529
96.3542	0.963489	10.2753	2.52632	A	67.9688	76.5625	I	1082	285
96.234	0.962315	12.6392	2.67427	A	69.5312	77.3438	I	934	656
96.0938	0.960854	12.7376	4.12506	A	57.8125	59.375	I	1407	1271
96.3442	0.963413	19.7869	8.58288	A	42.9688	49.2188	I	785	824
96.1739	0.96169	12.0006	3.03311	A	47.6562	89.0625	I	1016	756
96.0537	0.960465	10.5896	1.97573	A	59.375	68.75	I	838	858
95.7732	0.957763	13.7149	3.38653	A	62.5	81.25	I	998	939
96.1839	0.961851	12.3645	1.91435	A	57.8125	65.625	I	1040	681
95.9836	0.959805	10.191	1.49145	A	60.9375	69.5312	I	811	1021
96.0537	0.960554	11.0228	4.16354	A	53.125	100	I	576	308
96.3141	0.963116	9.93356	0.81409	A	60.9375	60.9375	I	1279	731
96.1338	0.961326	10.2749	2.2828	A	62.5	71.875	I	1302	1124
96.3041	0.96298	13.466	2.82966	A	66.4062	80.4688	I	1021	736
96.4944	0.964925	10.3494	0.976199	A	53.9062	45.3125	I	1084	205
96.1238	0.961196	14.2237	3.6581	A	82.0312	90.625	I	1257	840
96.4443	0.964403	14.0418	2.58572	A	59.375	69.5312	I	689	628
96.5244	0.965217	11.5655	2.45611	A	75.7812	66.4062	I	1412	401
96.0938	0.960934	12.1756	4.8314	A	71.0938	65.625	I	1169	766
96.5244	0.965222	11.6741	2.8193	A	55.4688	83.5938	I	1049	477
96.254	0.962506	12.4821	4.89331	A	72.6562	75	I	1170	651
96.1138	0.961109	12.494	3.30193	A	53.125	76.5625	I	663	872
96.0036	0.960037	11.1713	2.16762	A	76.5625	67.9688	I	1010	693
96.254	0.962568	12.8165	2.694	A	50.7812	70.3125	I	1108	451
96.1538	0.96156	12.6885	4.10485	A	50.7812	70.3125	I	1045	254
96.6647	0.966636	10.5525	1.72466	A	47.6562	96.875	I	1077	449
96.0337	0.960311	17.4948	5.30938	A	69.5312	67.9688	I	1415	820
95.8634	0.958599	11.9646	3.02881	A	42.1875	74.2188	I	576	345
96.244	0.962439	12.2464	5.0111	A	50.7812	56.25	I	1203	742
95.9135	0.959158	15.3657	5.95812	A	71.0938	69.5312	I	1246	829
96.4443	0.964436	14.9725	4.38472	A	70.3125	78.9062	I	1417	1200
96.274	0.962718	14.7378	4.46149	A	55.4688	96.0938	I	783	727
96.2139	0.962115	14.089	4.13242	A	90.625	91.4062	I	1110	694
96.3442	0.963419	12.5591	6.13544	A	40.625	46.0938	I	1395	803
96.224	0.962215	12.3941	2.30506	A	66.4062	79.6875	I	719	358
96.234	0.962295	12.1484	3.29457	A	60.9375	75.7812	I	1113	1214
96.264	0.962621	12.0379	3.75728	A	78.125	82.0312	I	1425	592
96.3442	0.963413	13.9958	5.08694	A	79.6875	92.1875	I	799	680
96.5845	0.965825	10.2568	3.17351	A	43.75	42.1875	I	905	851
96.3141	0.963105	10.1975	1.20464	A	50	93.75	I	863	552
96.264	0.962589	9.97891	4.11547	A	32.8125	50.7812	I	1054	662
96.0236	0.960214	14.1317	1.33323	A	53.9062	51.5625	I	1906	874
96.3842	0.963808	16.6282	4.71677	A	84.375	82.0312	I	787	232
95.9435	0.959402	14.7163	3.98715	A	60.9375	78.9062	I	1154	663
96.1538	0.961537	11.3176	1.68765	A	64.0625	64.0625	I	667	675
95.9435	0.959438	13.6267	2.33163	A	53.125	89.0625	I	903	915
96.3642	0.963587	12.1238	4.28563	A	82.8125	89.8438	I	1259	709
96.3542	0.963506	14.8355	5.62234	A	73.4375	75.7812	I	1132	304
96.1739	0.961731	10.7697	4.18258	A	46.875	54.6875	I	1589	1104
96.3041	0.963051	10.9325	2.02288	A	66.4062	77.3438	I	901	592
96.2841	0.962805	12.3152	2.74887	A	88.2812	89.8438	I	1213	704
96.0337	0.960283	11.9053	2.67236	A	71.0938	93.75	I	1474	785
96.2039	0.961955	9.09903	1.5698	A	50.7812	55.4688	I	1089	1370
96.264	0.962641	14.3965	3.34578	A	70.3125	74.2188	I	975	838
96.244	0.962434	17.9594	4.96501	A	47.6562	60.9375	I	991	1173
96.3241	0.963174	13.2356	2.07188	A	60.9375	55.4688	I	591	751
96.0537	0.960472	11.6086	2.13019	A	61.7188	68.75	I	986	978
96.2139	0.962143	10.4569	2.11386	A	81.25	87.5	I	1058	1103
96.264	0.962639	12.2932	2.00103	A	54.6875	73.4375	I	1620	441
96.2841	0.962818	14.509	3.62979	A	65.625	81.25	I	862	722
96.4243	0.964204	14.4529	2.83076	A	54.6875	96.0938	I	606	534
95.7732	0.957754	12.6311	2.54946	A	23.4375	37.5	I	1214	945
96.0938	0.960883	12.012	2.66522	A	74.2188	82.8125	I	1186	588
96.264	0.962593	11.4497	4.21567	A	42.1875	74.2188	I	1183	584
96.3041	0.963028	13.7418	1.92357	A	61.7188	87.5	I	612	456
96.1639	0.961638	10.747	3.28305	A	53.9062	67.1875	I	1376	806
96.254	0.962478	11.3135	3.90804	A	86.7188	76.5625	I	774	367
96.2941	0.962925	13.3435	3.13751	A	67.9688	64.8438	I	1504	727
96.3642	0.96366	12.0021	3.13314	A	69.5312	75	I	1250	479
96.0036	0.960006	13.9019	4.25396	A	47.6562	47.6562	I	1721	1100
96.0837	0.96078	11.4687	1.46643	A	76.5625	96.0938	I	1187	1055
96.1038	0.961064	11.1924	1.44568	A	64.0625	91.4062	I	853	874
95.8834	0.95881	10.9242	4.40283	A	65.625	78.125	I	1141	626
96.2941	0.962944	13.9087	1.78925	A	51.5625	52.3438	I	1277	214
96.0337	0.960278	13.4671	3.71956	A	90.625	93.75	I	1345	370
96.1639	0.961631	13.4428	3.36756	A	48.4375	46.875	I	945	227
96.4243	0.964213	12.1699	2.86333	A	78.9062	86.7188	I	747	855
96.1238	0.961239	12.9577	3.46426	A	82.0312	87.5	I	1229	723
96.0537	0.960534	13.2072	3.10652	A	52.3438	100	I	395	399
96.5745	0.965721	13.5619	2.83853	A	56.25	72.6562	I	850	220
95.9836	0.959848	13.4164	3.80568	A	77.3438	76.5625	I	1228	509
96.1438	0.961409	10.4043	1.95551	A	73.4375	75.7812	I	1420	981
95.8634	0.958588	10.0341	0.622829	A	52.3438	61.7188	I	993	1069
96.5345	0.965307	12.5802	1.83343	A	41.4062	61.7188	I	1056	517
96.3742	0.963728	12.2157	2.04926	A	52.3438	51.5625	I	1257	1291
95.9034	0.959065	15.9559	3.71617	A	59.375	72.6562	I	1958	882
96.2139	0.962105	13.8414	2.23498	A	61.7188	74.2188	I	838	327
96.3141	0.963092	11.397	1.64487	A	73.4375	74.2188	I	794	718
96.3041	0.963032	15.6717	4.33031	A	60.9375	76.5625	I	678	727
96.254	0.962507	10.771	3.80351	A	68.75	83.5938	I	1347	896
96.1138	0.961095	11.9322	1.78468	A	69.5312	64.8438	I	1036	754
95.9335	0.959323	13.4175	3.32303	A	78.125	74.2188	I	1371	904
96.0837	0.960826	12.765	4.92171	A	84.375	98.4375	I	997	1022
96.224	0.962223	14.1343	2.36452	A	67.1875	64.0625	I	1249	621
96.1839	0.961783	11.5477	1.17747	A	60.9375	57.0312	I	1141	997
95.7933	0.957891	14.8827	5.15332	A	47.6562	53.9062	I	1397	634
96.5345	0.965327	10.2032	2.16108	A	69.5312	74.2188	I	956	850
96.4042	0.964013	13.7763	4.04193	A	76.5625	88.2812	I	1139	689
96.1739	0.961705	12.9626	1.66579	A	69.5312	73.4375	I	1074	833
96.4643	0.96461	11.5488	3.10682	A	57.0312	59.375	I	775	1146
96.264	0.962623	10.4232	4.37174	A	64.0625	66.4062	I	929	912
96.1839	0.961848	12.8029	4.09184	A	60.1562	68.75	I	840	875
96.274	0.962707	12.4964	3.07634	A	57.0312	60.1562	I	1638	866
96.1038	0.960976	10.7954	1.52088	A	53.125	62.5	I	1412	769
96.0136	0.96011	16.3444	4.44679	A	60.9375	77.3438	I	1312	1243
96.1238	0.961296	9.49607	2.01329	A	85.1562	72.6562	I	1547	557
96.3442	0.963391	11.0525	3.14198	A	62.5	78.125	I	1362	1037
96.5545	0.965518	13.7847	2.24285	A	70.3125	70.3125	I	1017	898
96.4243	0.964242	10.852	2.81594	A	73.4375	78.125	I	1160	635
96.0036	0.960035	11.6546	3.41796	A	69.5312	73.4375	I	1076	675
95.9235	0.959256	10.7691	1.40963	A	55.4688	58.5938	I	1007	1076
95.9535	0.959476	12.9216	4.00209	A	57.0312	66.4062	I	1333	575
96.1639	0.961612	11.9432	4.55317	A	62.5	65.625	I	1147	844
96.3141	0.963134	14.6497	5.01274	A	66.4062	75.7812	I	853	983
96.264	0.96263	10.8897	1.53826	A	64.8438	64.0625	I	1028	719
96.1238	0.961226	11.4727	1.55269	A	63.2812	67.1875	I	999	859
96.224	0.962161	10.6297	2.94561	A	56.25	67.9688	I	1263	445
96.234	0.962331	11.1539	3.30258	A	67.1875	76.5625	I	1743	1128
96.4143	0.964146	12.0681	1.06664	A	68.75	77.3438	I	1223	855
95.8233	0.958208	16.9334	7.09369	A	72.6562	36.7188	I	2218	599
96.0136	0.96009	13.597	4.44213	A	71.875	81.25	I	953	640
96.274	0.962731	9.93455	1.38502	A	48.4375	48.4375	I	718	208
96.0537	0.960512	11.29	3.29213	A	47.6562	51.5625	I	1022	927
96.1338	0.961337	14.6847	3.92743	A	80.4688	90.625	I	991	929
95.9936	0.959908	12.6917	5.08018	A	75	83.5938	I	1201	671
96.0236	0.960269	11.4591	4.40771	A	56.25	55.4688	I	1233	1017
96.274	0.962712	12.9529	1.73951	A	59.375	66.4062	I	1588	892
96.2039	0.962031	15.4385	4.71183	A	59.375	58.5938	I	1099	799
96.1839	0.961828	10.8853	1.51299	A	59.375	62.5	I	918	1093
96.3442	0.963404	10.7331	2.25967	A	74.2188	86.7188	I	976	703
96.1438	0.961432	12.6532	3.91105	A	23.4375	32.0312	I	717	743
96.5044	0.965021	10.9541	1.48245	A	77.3438	97.6562	I	1171	367
96.2039	0.962008	15.083	4.62965	A	70.3125	98.4375	I	1024	435
96.274	0.962711	11.8832	2.07906	A	67.1875	70.3125	I	1277	913
96.1639	0.961615	10.2843	0.448938	A	70.3125	70.3125	I	744	754
96.3442	0.963413	13.3605	4.90255	A	78.9062	81.25	I	903	538
96.4343	0.964274	11.7389	3.41155	A	70.3125	60.9375	I	946	686
96.4744	0.964719	10.2973	2.08117	A	45.3125	53.9062	I	1258	789
96.3542	0.963517	12.2029	2.5895	A	66.4062	96.0938	I	1671	938
96.244	0.962442	18.5573	5.47199	A	72.6562	79.6875	I	975	655
95.9535	0.959455	11.2612	2.50404	A	30.4688	36.7188	I	1380	670
96.5044	0.965025	13.4602	2.71468	A	42.9688	35.1562	I	1058	198
95.8333	0.958267	11.9667	2.19012	A	53.9062	85.1562	I	1107	777
96.1939	0.961907	11.4697	3.15923	A	53.9062	89.8438	I	642	351
95.9736	0.959781	11.0017	2.51802	A	60.1562	61.7188	I	1230	1295
95.9836	0.959873	15.1653	2.35023	A	64.8438	70.3125	I	1220	1179
96.0136	0.960131	10.5224	1.93842	A	60.1562	73.4375	I	1017	1002
95.8534	0.958491	12.2146	2.80545	A	71.875	87.5	I	1477	1105
96.4543	0.964506	11.1232	1.25596	A	59.375	58.5938	I	433	142
95.8934	0.958915	11.6628	3.29085	A	68.75	84.375	I	920	413
96.0337	0.960331	12.2898	2.91476	A	64.0625	65.625	I	1177	1066
96.0036	0.959999	14.1368	5.9149	A	66.4062	91.4062	I	658	574
96.6346	0.966332	14.2832	3.4812	A	53.9062	62.5	I	1022	663
96.3542	0.963511	10.1059	2.91579	A	60.9375	50	I	1051	1032
96.4243	0.964209	13.433	7.41527	A	76.5625	99.2188	I	1056	986
96.3041	0.963011	10.233	1.58957	A	51.5625	46.875	I	1483	758
96.2941	0.962897	12.158	2.71398	A	60.1562	73.4375	I	1241	1267
96.0637	0.960675	13.7713	2.00759	A	60.1562	74.2188	I	1004	594
96.4143	0.964093	12.599	6.94834	A	57.0312	92.1875	I	312	541
96.2039	0.961996	11.6184	2.79866	A	76.5625	79.6875	I	1111	908
96.1438	0.961441	9.56461	3.04902	A	37.5	31.25	I	1300	824
96.3442	0.963429	12.1991	4.4778	A	67.1875	75.7812	I	1247	1053
96.3942	0.963947	12.5041	1.81331	A	68.75	96.875	I	867	545
96.5044	0.96504	9.21429	2.42048	A	79.6875	78.9062	I	869	691
96.0036	0.959995	11.0823	2.14753	A	62.5	58.5938	I	1765	737
95.9435	0.959447	15.3835	2.91833	A	50	74.2188	I	948	1074
96.0938	0.960897	12.0536	2.31329	A	54.6875	62.5	I	791	785
96.0837	0.960813	12.1015	4.61351	A	77.3438	74.2188	I	1091	1101
96.244	0.962389	10.7364	2.86634	A	42.9688	37.5	I	913	396
95.9535	0.95948	15.4123	4.34391	A	71.0938	69.5312	I	1074	578
96.2841	0.962829	10.7188	2.05332	A	32.8125	24.2188	I	1395	151
96.3642	0.963598	11.2735	3.42004	A	60.1562	65.625	I	1029	971
96.3442	0.963442	13.6832	4.66018	A	60.1562	73.4375	I	1393	800
96.4443	0.964406	11.168	1.4144	A	74.2188	82.8125	I	942	731
95.8433	0.958346	11.2323	3.81079	A	40.625	42.1875	I	1336	474
96.274	0.962731	12.7311	1.66874	A	53.125	96.875	I	819	489
96.0938	0.960921	13.0286	2.92379	A	75.7812	89.0625	I	845	784
96.4443	0.964424	10.7435	3.56719	A	50	48.4375	I	1111	504
96.1338	0.961297	13.4072	2.78915	A	66.4062	59.375	I	1513	815
96.264	0.962645	12.1231	3.59186	A	77.3438	71.0938	I	828	1006
96.1739	0.961731	14.2347	4.18008	A	59.375	72.6562	I	1436	1709
96.5445	0.965442	9.78096	2.36711	A	71.0938	80.4688	I	1557	702
95.8834	0.958844	11.8656	2.06017	A	58.5938	72.6562	I	1129	703
96.3341	0.963266	11.8633	2.0367	A	57.0312	55.4688	I	880	898
95.9936	0.959957	12.5978	1.99217	A	76.5625	79.6875	I	1085	747
96.3041	0.962989	11.8287	3.1289	A	70.3125	81.25	I	665	1605
96.5144	0.965117	13.3179	2.06555	A	67.9688	71.875	I	1616	558
96.4443	0.964435	13.3574	2.30575	A	81.25	100	I	853	410
96.4844	0.964819	11.2995	1.2395	A	84.375	81.25	I	768	604
96.0837	0.960842	14.1521	3.10128	A	93.75	75	I	1049	270
96.5244	0.965211	11.5172	2.36309	A	53.125	51.5625	I	1044	731
96.0437	0.960402	12.5136	3.11441	A	66.4062	90.625	I	918	673
96.254	0.962493	11.9655	2.88069	A	64.8438	62.5	I	1087	880
96.1238	0.961179	12.632	3.23431	A	54.6875	53.125	I	749	690
95.6631	0.956596	15.203	4.02877	A	63.2812	82.0312	I	1263	621
96.0938	0.9609	13.936	3.87861	A	63.2812	63.2812	I	797	947
96.2039	0.96202	12.0987	2.12298	A	60.9375	67.1875	I	947	512
95.8934	0.958884	10.6871	0.760816	A	23.4375	32.0312	I	1224	722
96.3141	0.963125	12.0718	1.3471	A	57.0312	60.1562	I	1011	914
96.4143	0.964152	15.3396	4.54834	A	34.375	37.5	I	1335	753
95.9135	0.959148	16.5341	6.75311	A	74.2188	99.2188	I	782	605
96.3942	0.963929	13.7653	2.75998	A	56.25	73.4375	I	720	1226
96.3141	0.963133	12.4092	2.97743	A	65.625	80.4688	I	1180	504
96.4844	0.964836	11.6947	2.27942	A	68.75	88.2812	I	967	929
96.3642	0.9636	9.81866	2.87361	A	75.7812	64.0625	I	794	235
96.1739	0.961699	13.2233	3.3587	A	44.5312	42.1875	I	1202	792
96.3742	0.963691	11.5561	3.24185	A	67.1875	67.9688	I	735	480
96.1538	0.961488	13.2267	3.59447	A	52.3438	58.5938	I	1004	909
95.9936	0.959945	14.1114	3.88772	A	72.6562	90.625	I	1158	844
95.9936	0.959957	11.707	3.09319	A	72.6562	87.5	I	1237	577
96.1739	0.961661	14.2718	1.8897	A	25	35.1562	I	1371	502
96.0837	0.960831	12.6449	2.14755	A	63.2812	85.1562	I	1213	566
96.3542	0.963544	13.0874	1.39757	A	78.125	91.4062	I	1497	400
96.0337	0.960328	13.1565	3.36573	A	8.59375	17.9688	I	1465	1299
96.5545	0.965498	12.438	3.59791	A	75	81.25	I	1068	674
96.264	0.962625	10.9496	1.61737	A	79.6875	82.8125	I	1123	278
96.1038	0.960971	8.98718	0.523417	A	64.0625	76.5625	I	773	852
96.1538	0.961535	13.1484	3.46465	A	78.9062	94.5312	I	1131	484
96.5745	0.965765	9.27997	1.92348	A	67.1875	76.5625	I	1002	631
96.0337	0.960304	10.5628	0.896651	A	70.3125	74.2188	I	1338	1024
96.0437	0.960425	11.0709	3.46102	A	61.7188	58.5938	I	1498	659
96.0737	0.960698	11.0223	3.68326	A	75.7812	74.2188	I	1009	755
96.6446	0.966441	10.7624	3.82274	A	65.625	81.25	I	681	247
96.254	0.962488	12.228	3.71716	A	60.9375	64.8438	I	793	1005
96.1939	0.961886	15.295	2.4315	A	58.5938	58.5938	I	1730	872
96.0337	0.960332	15.4316	5.9196	A	39.0625	42.9688	I	1988	1173
96.224	0.962237	12.2296	3.09864	A	60.1562	42.1875	I	1479	654
96.3141	0.963114	11.3818	4.12309	A	69.5312	85.1562	I	1201	1511
96.3442	0.96348	14.9765	4.58822	A	71.875	79.6875	I	685	716
95.7833	0.957823	11.8319	2.81091	A	59.375	75	I	1220	502
96.2941	0.962927	13.1982	4.29096	A	70.3125	80.4688	I	1056	546
96.6046	0.966035	13.3988	3.41124	A	82.0312	78.9062	I	805	579
96.2039	0.961995	9.46712	2.94121	A	56.25	64.0625	I	813	295
96.0938	0.960969	11.862	3.66504	A	67.1875	85.1562	I	1114	976
96.1739	0.961676	10.2592	2.74237	A	55.4688	75.7812	I	1371	811
96.2139	0.962122	9.98291	0.59143	A	74.2188	67.1875	I	1050	353
96.3141	0.963118	13.4113	3.71641	A	55.4688	99.2188	I	1107	432
96.5345	0.965333	15.4816	6.74385	A	68.75	81.25	I	1140	655
95.8834	0.958864	12.1565	5.91791	A	68.75	87.5	I	1035	939
96.3642	0.963621	11.0414	2.48802	A	36.7188	37.5	I	889	816
96.3842	0.963834	12.5313	5.18891	A	50.7812	92.9688	I	775	498
96.1939	0.961858	13.2388	3.767	A	53.125	76.5625	I	1005	422
95.9135	0.959138	12.4545	3.17598	A	69.5312	78.125	I	898	477
96.0437	0.960419	12.7273	3.28896	A	78.125	85.9375	I	991	717
96.234	0.962294	14.7549	4.01865	A	64.0625	71.0938	I	1162	1120
95.9435	0.959397	9.28687	1.23603	A	49.2188	50.7812	I	1053	407
95.9936	0.959893	11.6984	4.42023	A	73.4375	78.125	I	1417	604
96.4443	0.964393	11.8336	2.24977	A	53.9062	67.9688	I	1368	861
96.234	0.962336	15.8858	6.63649	A	57.8125	70.3125	I	970	574
96.0337	0.96031	13.1435	3.5272	A	58.5938	63.2812	I	1017	838
96.3041	0.963034	11.5505	1.98247	A	71.0938	94.5312	I	876	613
96.1438	0.961386	12.4175	3.6222	A	71.875	92.9688	I	1142	334
96.4042	0.964005	12.7102	2.45768	A	52.3438	58.5938	I	1202	1426
95.7632	0.9576	11.8702	1.37699	A	67.1875	64.0625	I	1505	1089
96.1338	0.961315	10.8076	0.744483	A	49.2188	62.5	I	1077	911
96.254	0.962501	12.2133	3.73475	A	81.25	75	I	955	677
96.3542	0.963523	10.8076	3.4578	A	42.9688	36.7188	I	797	183
96.2039	0.962002	13.0102	2.80283	A	71.0938	82.8125	I	1452	549
96.3542	0.963505	12.5412	2.25498	A	28.9062	25.7812	I	987	124
96.0737	0.960742	12.3509	3.32915	A	75.7812	76.5625	I	966	850
96.5745	0.965715	11.9141	3.22086	A	66.4062	69.5312	I	1172	632
96.0837	0.960837	12.0275	2.19771	A	76.5625	72.6562	I	1383	699
96.2039	0.962027	13.5483	2.54415	A	60.9375	70.3125	I	1355	643
96.2841	0.962872	12.0656	2.96284	A	59.375	58.5938	I	757	799
96.3141	0.963133	13.3687	2.23539	A	42.9688	51.5625	I	1105	1039
96.6647	0.966611	9.99864	2.01053	A	96.0938	61.7188	I	818	298
96.224	0.962214	10.6568	0.957001	A	48.4375	62.5	I	1018	945
96.2039	0.962044	11.0819	3.15493	A	73.4375	71.875	I	1246	646
95.9535	0.95952	16.2579	5.41653	A	48.4375	39.0625	I	1404	464
96.234	0.962355	9.73193	1.82757	A	35.9375	44.5312	I	999	470
96.0236	0.960254	10.6326	4.07543	A	44.5312	42.1875	I	1417	535
96.0036	0.960045	12.0912	2.18586	A	60.9375	57.0312	I	1269	838
96.1639	0.961614	14.6434	5.57529	A	71.875	78.9062	I	822	497
95.8734	0.958743	11.5137	2.80221	A	82.8125	90.625	I	906	430
96.5144	0.965131	14.9304	4.8477	A	72.6562	95.3125	I	953	588
96.2039	0.962033	14.1282	4.37382	A	67.1875	64.0625	I	1125	831
96.3742	0.963754	11.8815	2.89463	A	67.9688	71.0938	I	1372	794
96.1839	0.96181	13.1306	3.86864	A	45.3125	47.6562	I	1090	1001
96.3542	0.96352	12.1049	4.41295	A	66.4062	88.2812	I	943	648
96.2039	0.962036	12.1171	2.49414	A	54.6875	62.5	I	1818	837
96.4042	0.964007	10.3374	2.29209	A	64.0625	78.9062	I	1035	1035
96.0136	0.960111	12.0553	3.97778	A	61.7188	60.9375	I	818	550
96.3442	0.963418	10.2705	3.24176	A	34.375	32.8125	I	1458	811
96.0337	0.960336	12.9677	4.9235	A	56.25	64.8438	I	1448	888
96.5845	0.965832	12.3861	4.43841	A	58.5938	98.4375	I	681	485
96.1438	0.961422	11.076	3.38512	A	68.75	83.5938	I	545	902
96.0737	0.960717	13.4984	2.63824	A	61.7188	80.4688	I	834	462
96.1739	0.961677	15.9901	5.61381	A	68.75	96.875	I	761	373
95.9836	0.959804	14.2291	4.47148	A	53.9062	74.2188	I	846	713
96.224	0.962231	12.1365	3.36568	A	66.4062	85.1562	I	1018	564
96.224	0.962199	12.3522	1.4394	A	74.2188	96.0938	I	1015	1556
96.6246	0.966243	9.07214	1.98711	A	82.0312	77.3438	I	1064	575
96.6346	0.966314	12.7921	3.53318	A	75	82.8125	I	1153	536
96.3341	0.963316	14.693	3.07547	A	58.5938	79.6875	I	1279	256
96.0537	0.960548	10.0574	0.897031	A	28.125	21.875	I	1358	108
96.1338	0.961324	13.4079	3.82765	A	83.5938	97.6562	I	1042	478
96.0637	0.960645	12.9575	1.67021	A	66.4062	79.6875	I	1018	850
96.1338	0.961299	14.0665	5.22013	A	75	96.875	I	659	377
96.3542	0.963562	12.2914	3.82142	A	73.4375	75	I	1162	955
96.0437	0.960469	10.2561	2.74754	A	80.4688	76.5625	I	871	329
96.0337	0.960293	12.5588	4.16345	A	82.0312	79.6875	I	1054	652
96.3742	0.963735	10.4302	2.81832	A	66.4062	75.7812	I	1351	752
96.4643	0.964604	10.4051	1.78599	A	67.9688	71.0938	I	846	646
96.3842	0.96382	11.2288	2.21733	A	55.4688	56.25	I	1893	739
96.0036	0.960011	14.007	3.39612	A	43.75	39.0625	I	1141	789
96.3742	0.963712	12.9668	3.89734	A	82.0312	73.4375	I	894	320
95.4828	0.95475	11.5288	2.12307	A	76.5625	85.9375	I	1376	1101
96.4744	0.964698	8.22312	0.992882	A	57.8125	67.9688	I	1032	994
96.0337	0.960333	12.5888	2.62306	A	79.6875	84.375	I	1751	346
96.4343	0.9643	11.2994	1.55906	A	22.6562	21.875	I	748	97
96.5645	0.965624	13.5841	4.44899	A	56.25	60.1562	I	903	799
96.254	0.962534	11.8674	2.64404	A	74.2188	57.0312	I	1185	625
96.3341	0.963332	12.7029	2.30212	A	64.8438	93.75	I	1215	416
96.2039	0.961951	11.5441	2.04366	A	72.6562	76.5625	I	1317	775
96.1138	0.961115	13.7931	4.87008	A	79.6875	96.0938	I	1079	289
96.274	0.962716	13.2473	1.3617	A	27.3438	40.625	I	1180	998
96.4543	0.964526	11.4277	2.90765	A	70.3125	73.4375	I	1182	793
96.244	0.962408	12.3187	3.76564	A	62.5	81.25	I	608	845
96.3542	0.963527	10.6309	1.45799	A	60.1562	62.5	I	733	852
96.1538	0.961461	11.4772	2.16062	A	62.5	82.8125	I	865	527
96.1739	0.961665	12.5421	1.46116	A	54.6875	71.875	I	1174	1284
96.3542	0.963511	10.6626	1.19634	A	65.625	79.6875	I	1305	550
96.3141	0.963147	13.8039	1.62038	A	35.9375	38.2812	I	1365	851
96.3942	0.963909	13.6281	3.2355	A	72.6562	77.3438	I	1092	892
96.3542	0.963541	8.72687	1.78623	A	51.5625	60.1562	I	1028	1126
96.1538	0.961476	9.60437	0.95479	A	67.1875	62.5	I	1190	772
96.0236	0.960203	13.7083	4.24582	A	70.3125	73.4375	I	1460	848
96.0637	0.960661	14.221	4.01107	A	78.125	79.6875	I	1033	595
96.3842	0.963835	12.6303	4.47116	A	58.5938	74.2188	I	734	894
96.1538	0.961517	13.7181	3.00065	A	67.1875	70.3125	I	1144	906
96.2139	0.96214	11.4979	2.05967	A	76.5625	73.4375	I	1029	913
96.1839	0.961786	11.8912	2.43541	A	59.375	81.25	I	976	961
96.2039	0.962011	12.8768	3.75442	A	61.7188	78.125	I	1312	1264
96.1238	0.961184	12.733	2.00607	A	76.5625	76.5625	I	1206	699
96.6046	0.966028	15.1982	4.72862	A	64.0625	88.2812	I	951	383
96.4443	0.964419	9.3756	1.76474	A	57.8125	50.7812	I	792	869
96.3341	0.963348	12.4348	2.82686	A	85.9375	92.1875	I	957	489
96.5244	0.965195	12.3806	3.93461	A	88.2812	87.5	I	1101	320
96.1238	0.961251	12.1244	2.91694	A	21.875	32.8125	I	1242	928
95.9235	0.959194	14.0983	4.07401	A	58.5938	70.3125	I	1132	1013
96.5144	0.965149	8.87492	1.67702	A	65.625	54.6875	I	1062	138
96.0437	0.960405	14.775	4.66706	A	57.8125	57.8125	I	1196	516
95.8534	0.958525	14.9015	4.67912	A	76.5625	83.5938	I	1107	386
96.4443	0.964443	11.752	4.63861	A	52.3438	50.7812	I	815	1660
95.8934	0.958961	9.63863	0.76649	A	78.125	75.7812	I	812	981
96.3141	0.963124	10.8455	1.11116	A	78.9062	80.4688	I	1005	569
96.2941	0.962937	17.1354	7.25273	A	62.5	54.6875	I	1341	684
96.224	0.962226	18.5014	5.76528	A	76.5625	82.0312	I	1846	680
96.244	0.962426	13.5557	3.12647	A	54.6875	57.8125	I	837	1824
96.3742	0.963739	11.9603	2.34592	A	89.8438	94.5312	I	1203	1209
96.254	0.962549	8.48361	1.62823	A	73.4375	80.4688	I	1018	603
95.9736	0.959685	11.7616	2.84974	A	44.5312	56.25	I	927	642
95.9034	0.959	14.2701	7.06238	A	82.0312	92.1875	I	964	683
96.0837	0.960844	11.2688	1.90216	A	65.625	63.2812	I	847	888
96.1939	0.961912	10.3388	2.32546	A	70.3125	81.25	I	1114	801
96.2039	0.961971	13.0302	2.44662	A	89.8438	92.1875	I	1188	778
96.0737	0.960766	10.73	0.543674	A	46.0938	45.3125	I	1267	977
96.6146	0.966114	13.6766	2.57868	A	53.9062	53.125	I	1235	850
96.2139	0.962134	11.1623	3.19327	A	45.3125	51.5625	I	978	657
96.224	0.962234	12.5034	4.82825	A	77.3438	96.875	I	1088	244
96.1839	0.961894	11.921	3.02836	A	62.5	60.1562	I	1184	897
96.0737	0.96073	13.6893	4.09125	A	53.125	55.4688	I	1835	997
96.0437	0.96044	13.198	4.18465	A	44.5312	55.4688	I	955	751
96.3141	0.963136	11.3157	3.7522	A	66.4062	70.3125	I	1011	812
96.3442	0.963458	9.58702	2.25302	A	67.1875	78.9062	I	1722	769
96.0236	0.960208	9.9716	1.65658	A	66.4062	79.6875	I	877	311
96.1138	0.961104	13.0989	1.69104	A	57.0312	64.8438	I	1786	589
96.1639	0.961645	7.95454	1.07066	A	58.5938	73.4375	I	2067	1298
96.1639	0.961616	10.1858	2.03016	A	76.5625	89.8438	I	735	665
96.1538	0.961486	11.3149	2.5685	A	78.9062	78.125	I	1377	805
96.0537	0.96051	9.60127	1.67885	A	50	54.6875	I	1064	1002
96.3041	0.963049	11.8375	3.44744	A	64.0625	65.625	I	1123	417
95.9235	0.959219	11.6062	3.53012	A	46.0938	45.3125	I	1441	927
96.5044	0.965031	12.7993	4.26	A	60.9375	62.5	I	812	512
95.5028	0.954905	13.3153	4.45927	A	82.8125	78.9062	I	1160	598
96.2841	0.962806	9.66461	1.29696	A	84.375	89.0625	I	1219	462
96.4443	0.964409	13.0033	4.31589	A	71.0938	100	I	788	423
96.0737	0.960712	12.6069	4.36346	A	48.4375	53.9062	I	1513	1278
95.9635	0.95956	12.0728	1.92124	A	71.0938	67.9688	I	1318	698
96.1639	0.961589	11.7706	2.53197	A	64.8438	67.9688	I	831	383
96.1839	0.961794	12.34	4.48648	A	58.5938	65.625	I	1316	855
96.3842	0.96383	9.47872	1.52097	A	67.9688	82.8125	I	756	548
96.274	0.962704	10.0987	4.12147	A	62.5	59.375	I	2185	1062
96.3442	0.963421	12.4736	3.23801	A	79.6875	85.9375	I	1247	638
96.1739	0.961752	9.86228	0.538121	A	57.0312	56.25	I	1360	442
96.2139	0.962108	15.0106	3.19173	A	73.4375	92.1875	I	1420	879
96.2941	0.962945	8.86734	1.69118	A	60.9375	82.8125	I	883	416
96.3642	0.963607	15.3705	3.58667	A	51.5625	59.375	I	1824	1236
96.1739	0.961686	11.4925	4.76333	A	52.3438	78.125	I	834	499
96.2039	0.96199	9.71067	2.64151	A	62.5	53.125	I	978	728
96.0837	0.960855	12.5777	1.90793	A	43.75	50.7812	I	1462	760
96.4042	0.964059	14.0308	3.91598	A	48.4375	57.8125	I	1540	1267
96.274	0.962727	13.5352	3.12028	A	82.8125	86.7188	I	1223	547
96.224	0.96219	13.0598	3.66818	A	76.5625	79.6875	I	1110	957
96.2039	0.962053	12.3929	5.53179	A	67.1875	66.4062	I	1115	926
96.0036	0.960034	11.4796	1.80853	A	60.1562	57.0312	I	1106	1516
95.9034	0.959052	14.5412	3.52851	A	50.7812	55.4688	I	1192	799
95.9435	0.959452	13.2835	3.06425	A	60.9375	68.75	I	1084	911
96.1538	0.96148	14.903	4.97524	A	71.875	99.2188	I	1112	323
96.3542	0.963495	9.18599	0.6368	A	75.7812	75	I	1060	924
96.2139	0.962116	12.9766	1.77648	A	66.4062	69.5312	I	1127	627
96.3542	0.96353	13.5907	3.60545	A	85.1562	95.3125	I	777	456
96.2941	0.962923	8.25865	0.31668	A	62.5	77.3438	I	1971	583
96.4042	0.964022	9.88361	1.21336	A	75	64.0625	I	1386	991
96.4744	0.964738	10.4157	1.32934	A	68.75	82.8125	I	1202	678
96.1639	0.961627	10.3219	1.86261	A	75.7812	75.7812	I	1755	658
96.0236	0.960284	10.2374	2.51675	A	75.7812	84.375	I	1367	459
96.3842	0.963829	10.659	3.32799	A	53.125	71.875	I	727	351
96.1438	0.961425	13.1663	2.28123	A	52.3438	53.125	I	1032	1202
95.9936	0.959917	11.2916	3.40595	A	59.375	71.875	I	779	658
96.3942	0.963919	11.5952	2.7139	A	80.4688	77.3438	I	917	427
96.0938	0.960892	15.5546	4.3424	A	59.375	86.7188	I	1094	911
96.0537	0.960523	11.7818	4.41376	A	63.2812	72.6562	I	1061	1379
95.5429	0.95547	11.3868	1.29254	A	57.8125	75.7812	I	1091	987
96.4643	0.964615	12.6353	1.70311	A	64.8438	63.2812	I	733	888
96.1939	0.961898	13.81	4.92392	A	77.3438	89.8438	I	909	388
96.244	0.962375	7.55136	1.85845	A	68.75	64.0625	I	1270	425
96.1538	0.961466	10.7453	2.71469	A	62.5	71.875	I	1439	835
96.234	0.962339	9.62742	2.0903	A	58.5938	59.375	I	899	977
96.4443	0.964429	11.0825	3.01855	A	78.9062	82.0312	I	1274	702
96.0136	0.960119	15.0991	4.97558	A	76.5625	78.9062	I	910	491
96.4243	0.964219	14.702	3.73461	A	10.9375	36.7188	I	1196	1120
96.1739	0.961715	13.338	2.11493	A	69.5312	67.1875	I	1138	603
96.1839	0.961843	10.9143	1.69518	A	75.7812	73.4375	I	952	523
96.1538	0.961524	9.71531	2.27788	A	42.9688	46.0938	I	1358	1140
96.1038	0.961007	14.2718	5.11028	A	68.75	92.9688	I	746	469
96.4042	0.964029	9.36704	2.03459	A	67.9688	78.9062	I	1248	1226
96.0637	0.960617	14.9215	3.3423	A	63.2812	89.8438	I	990	616
96.2941	0.962912	10.9015	2.21007	A	61.7188	71.875	I	1177	377
96.3942	0.963898	11.538	3.19616	A	32.8125	39.8438	I	1306	575
96.2039	0.962057	11.7416	2.52249	A	59.375	65.625	I	1263	1579
96.244	0.962406	14.2896	2.04501	A	73.4375	84.375	I	1521	1077
96.2941	0.962926	12.8482	3.9615	A	62.5	86.7188	I	787	519
96.3241	0.963193	10.9091	1.53372	A	75	84.375	I	1449	1061
96.1338	0.961346	12.1063	2.95027	A	58.5938	60.9375	I	765	694
96.1238	0.961233	11.9044	3.17841	A	57.8125	90.625	I	850	1136
96.2039	0.962027	13.5249	3.77095	A	90.625	90.625	I	1218	515
95.7332	0.957274	13.2062	1.08493	A	60.1562	64.8438	I	1369	1071
96.3742	0.963703	10.7339	1.35423	A	76.5625	85.9375	I	1082	561
96.274	0.962772	10.6063	1.92302	A	54.6875	57.8125	I	827	1046
95.7532	0.957709	10.4339	2.43709	A	59.375	54.6875	I	1362	891
96.234	0.962337	14.4835	3.77259	A	60.1562	92.1875	I	1365	646
96.0537	0.960554	15.1237	5.54662	A	42.9688	50	I	1623	976
96.234	0.96232	10.6735	3.41388	A	62.5	64.8438	I	1259	1225
96.0737	0.960697	12.3732	2.98991	A	82.8125	81.25	I	1110	953
96.1438	0.961415	12.1758	1.68796	A	59.375	60.1562	I	891	940
96.274	0.962707	12.3615	2.09914	A	57.8125	68.75	I	756	344
95.9635	0.959569	11.3053	2.73522	A	64.0625	80.4688	I	1382	792
95.7833	0.957848	13.0338	3.74751	A	73.4375	91.4062	I	936	759
96.0236	0.960246	15.042	3.38069	A	67.9688	66.4062	I	1260	527
96.1538	0.961518	9.08868	1.17044	A	65.625	73.4375	I	1055	411
96.1639	0.961577	10.7914	2.90286	A	74.2188	79.6875	I	689	591
96.234	0.962329	14.7484	3.72624	A	67.9688	78.125	I	709	1207
96.1538	0.9615	12.7917	3.22388	A	57.8125	96.875	I	1484	832
96.4243	0.964172	9.41422	0.347751	A	72.6562	78.125	I	866	641
96.1338	0.961295	13.4513	4.39628	A	57.8125	53.9062	I	1613	911
96.1338	0.961323	13.2973	1.77019	A	62.5	75.7812	I	887	465
96.254	0.962523	10.9166	1.57972	A	60.9375	65.625	I	843	624
96.2941	0.962938	9.91434	2.65377	A	67.9688	76.5625	I	736	752
96.1038	0.960992	9.65956	1.73389	A	52.3438	51.5625	I	845	633
96.0938	0.96091	12.3905	2.31224	A	70.3125	71.0938	I	1075	801
96.3842	0.963842	10.897	1.43008	A	42.9688	49.2188	I	857	1312
96.5445	0.965417	11.9305	5.05921	A	64.8438	64.8438	I	834	785
96.4643	0.964651	13.4828	3.49075	A	53.125	54.6875	I	1095	515
96.4543	0.964514	12.8351	3.44359	A	67.1875	82.0312	I	537	518
96.1338	0.961311	15.2195	3.29374	A	80.4688	77.3438	I	1108	627
96.224	0.962213	14.1984	5.28821	A	67.1875	72.6562	I	1108	1008
96.6546	0.966537	10.102	1.72802	A	57.8125	56.25	I	967	1044
96.3041	0.963007	10.0581	2.08298	A	66.4062	80.4688	I	937	1125
96.3241	0.963239	12.8233	1.69519	A	54.6875	57.0312	I	1454	1100
96.0938	0.960909	11.3965	3.10799	A	67.1875	75.7812	I	1085	1049
96.5144	0.965108	9.77645	2.05984	A	78.125	76.5625	I	832	918
96.5545	0.96552	9.95894	2.92333	A	67.1875	75	I	1048	607
96.1138	0.96111	12.2818	3.29941	A	64.0625	78.9062	I	1219	856
96.1839	0.961799	12.8837	5.91825	A	46.0938	50	I	1276	660
96.3642	0.963652	12.8378	3.63085	A	68.75	71.875	I	858	619
96.3442	0.963414	10.8411	1.58298	A	60.1562	51.5625	I	1261	1313
96.1138	0.961124	11.7201	0.941584	A	70.3125	78.9062	I	1084	834
96.234	0.962289	14.7256	4.53746	A	62.5	65.625	I	1269	1010
96.234	0.962363	11.6712	2.52259	A	64.8438	67.1875	I	772	671
96.2139	0.962144	12.001	1.61003	A	50.7812	57.8125	I	2087	834
95.8634	0.95856	12.3242	4.358	A	64.0625	74.2188	I	1202	376
96.264	0.962655	13.3965	2.53912	A	57.8125	55.4688	I	1013	274
95.7833	0.957855	12.4147	1.81191	A	60.1562	60.9375	I	1007	890
95.8834	0.958782	9.18431	2.31797	A	47.6562	48.4375	I	1136	667
96.254	0.962488	12.6488	0.717419	A	60.1562	75.7812	I	816	770
96.1238	0.961289	14.9673	2.77132	A	67.1875	92.1875	I	850	431
96.1038	0.961008	9.59031	2.71663	A	71.0938	89.8438	I	1076	377
96.1438	0.961421	12.0908	3.19038	A	69.5312	96.0938	I	1162	605
96.3442	0.963427	14.3447	3.58697	A	51.5625	55.4688	I	1073	868
96.3341	0.963325	11.2105	3.15675	A	60.1562	57.0312	I	1204	899
96.0537	0.960521	12.0063	2.79006	A	55.4688	57.8125	I	964	984
96.3341	0.963347	13.01	3.93877	A	64.0625	69.5312	I	1163	478
96.3842	0.963841	13.6705	3.69992	A	70.3125	82.0312	I	849	876
96.4143	0.964127	11.8496	1.78064	A	64.0625	86.7188	I	1123	404
96.0637	0.960596	12.15	4.17366	A	80.4688	92.9688	I	844	259
96.5044	0.964996	12.0057	2.53402	A	65.625	80.4688	I	1298	479
95.9034	0.959037	11.8623	3.89089	A	72.6562	69.5312	I	800	806
96.254	0.962489	9.53999	4.74323	A	68.75	96.875	I	1093	373
96.5345	0.965277	9.55996	2.42236	A	65.625	64.0625	I	1171	577
96.1338	0.961307	12.9769	3.31992	A	56.25	61.7188	I	1024	628
96.3542	0.963507	12.0386	2.83437	A	73.4375	85.1562	I	983	891
96.1138	0.961101	12.8819	3.577	A	78.125	82.8125	I	1013	575
96.2841	0.962803	12.229	3.77777	A	57.0312	75.7812	I	1125	911
96.6546	0.966555	8.86906	1.78342	A	72.6562	74.2188	I	1312	737
96.234	0.962302	12.3824	2.73364	A	56.25	68.75	I	901	1098
95.9936	0.959956	10.6208	2.45641	A	71.875	64.0625	I	1358	1013
96.0938	0.960891	14.0548	2.69722	A	81.25	85.9375	I	1215	1114
95.8534	0.958481	13.9525	5.95501	A	74.2188	85.9375	I	1453	385
96.5044	0.965004	13.3156	4.17304	A	74.2188	78.9062	I	948	864
96.4343	0.964315	10.8645	2.50999	A	69.5312	71.0938	I	1605	728
96.3942	0.963953	10.6928	1.70257	A	56.25	61.7188	I	947	1086
95.8734	0.958786	13.4984	3.54575	A	75	61.7188	I	1607	789
96.5845	0.965811	12.1871	2.12916	A	74.2188	85.1562	I	839	1234
96.3442	0.963417	12.4172	4.19058	A	83.5938	82.8125	I	942	787
96.0236	0.960219	10.7106	3.81826	A	55.4688	56.25	I	622	1119
96.1939	0.96196	9.34474	1.47665	A	86.7188	83.5938	I	798	703
96.2139	0.962123	11.6486	5.01911	A	71.0938	73.4375	I	1377	267
96.4844	0.964901	13.4482	2.67084	A	59.375	70.3125	I	934	992
96.4343	0.964283	13.4618	3.32864	A	69.5312	67.9688	I	1396	749
96.1338	0.961347	8.94928	0.692473	A	55.4688	70.3125	I	1275	325
96.1338	0.961312	8.67464	0.968191	A	46.0938	46.875	I	1934	511
95.7732	0.957651	12.7006	1.80991	A	53.9062	53.9062	I	993	367
96.0036	0.960008	11.7328	4.11062	A	75.7812	92.1875	I	1140	1590
96.2139	0.962148	14.7371	4.92248	A	66.4062	76.5625	I	1377	1149
95.7833	0.957802	14.2798	4.18711	A	78.9062	87.5	I	1025	459
95.7031	0.95702	13.3908	1.5158	A	39.8438	37.5	I	987	335
96.3241	0.9632	9.13126	0.821145	A	72.6562	70.3125	I	1031	535
96.1739	0.961708	10.6154	2.85499	A	61.7188	65.625	I	1023	545
96.274	0.96273	15.2923	4.52899	A	65.625	64.8438	I	889	1238
96.0437	0.96036	12.5338	1.96644	A	80.4688	90.625	I	984	931
95.9435	0.959421	11.3323	4.55682	A	47.6562	56.25	I	965	832
96.4744	0.964739	10.2555	1.71998	A	60.1562	77.3438	I	1093	247
96.5445	0.965407	11.5108	1.89416	A	69.5312	78.125	I	1339	497
96.3742	0.963716	13.6341	3.2265	A	81.25	76.5625	I	950	475
96.2841	0.962801	12.386	4.54499	A	59.375	51.5625	I	1110	163
96.5345	0.965327	13.8036	5.17081	A	45.3125	59.375	I	739	1207
96.274	0.96273	11.3582	2.44484	A	56.25	57.8125	I	1910	830
96.1138	0.961097	15.8957	4.82451	A	66.4062	81.25	I	646	982
96.254	0.962513	13.9487	2.72727	A	46.875	95.3125	I	612	586
96.3141	0.963168	12.631	2.66908	A	67.1875	71.0938	I	1221	642
96.3942	0.963926	10.8546	2.27327	A	71.875	75.7812	I	1216	539
96.4143	0.964144	11.7681	2.83731	A	75	82.8125	I	845	896
96.5745	0.965704	8.72311	1.12666	A	54.6875	29.6875	I	1545	629
96.254	0.962542	12.3931	4.94876	A	61.7188	92.1875	I	1176	1037
96.3742	0.963715	10.8705	2.21465	A	42.9688	48.4375	I	1371	1066
95.9034	0.959033	13.1849	3.85337	A	78.125	80.4688	I	1182	1171
96.1038	0.961021	12.717	2.41798	A	71.0938	69.5312	I	1193	539
96.3942	0.963911	14.6279	5.62062	A	52.3438	62.5	I	1050	1387
96.0737	0.960719	12.2407	3.09822	A	57.0312	55.4688	I	1167	526
95.9836	0.959806	12.9964	3.8864	A	53.125	47.6562	I	930	787
96.3942	0.96395	9.90498	0.430443	A	57.8125	54.6875	I	1149	855
96.224	0.962186	14.9732	6.27056	A	44.5312	42.1875	I	803	246
96.3341	0.963351	11.9015	2.90026	A	57.8125	55.4688	I	994	807
96.5044	0.965005	10.3561	2.14024	A	49.2188	58.5938	I	1487	657
96.1939	0.961894	11.7815	0.867588	A	80.4688	64.0625	I	1094	791
96.224	0.962209	10.9591	2.56038	A	57.8125	72.6562	I	1906	731
96.3141	0.963137	15.1578	6.30558	A	71.0938	67.1875	I	1344	645
95.8934	0.958881	15.3556	6.08552	A	72.6562	79.6875	I	1156	938
95.8033	0.957998	13.3298	3.84547	A	71.875	88.2812	I	1027	857
96.3341	0.963345	11.3255	4.32092	A	61.7188	85.9375	I	760	715
96.2039	0.962061	13.2675	2.50214	A	78.9062	88.2812	I	1196	468
96.1238	0.961201	14.2768	2.80302	A	59.375	79.6875	I	990	1765
95.9335	0.959282	11.4478	2.68172	A	56.25	52.3438	I	1262	919
96.5044	0.964996	11.2819	2.48403	A	23.4375	16.4062	I	1392	89
96.6346	0.966317	11.6459	2.95954	A	67.1875	73.4375	I	956	941
96.3442	0.963418	10.7635	1.14601	A	66.4062	71.0938	I	1006	278
96.1038	0.961014	10.3287	2.96835	A	41.4062	57.8125	I	1232	684
96.3442	0.963427	15.979	4.47379	A	64.0625	66.4062	I	1196	1282
96.1138	0.961139	15.7408	6.30367	A	54.6875	54.6875	I	989	1012
96.5144	0.965115	10.7745	2.25	A	54.6875	54.6875	I	963	723
96.2139	0.962096	9.47945	2.15349	A	81.25	82.8125	I	796	336
96.5845	0.965822	10.9102	0.725279	A	64.8438	66.4062	I	1203	834
96.0136	0.960084	13.3392	2.15123	A	49.2188	75.7812	I	1179	1084
96.4143	0.964133	11.6087	3.06672	A	48.4375	46.0938	I	957	719
96.2941	0.962918	11.6309	1.71946	A	68.75	71.875	I	1526	870
96.4543	0.964502	13.5094	3.09211	A	79.6875	89.8438	I	1599	262
95.9435	0.959428	13.2374	3.42058	A	86.7188	96.875	I	694	543
96.1038	0.961011	15.0911	3.60708	A	53.9062	75	I	1498	582
96.0236	0.960204	14.1014	2.50813	A	83.5938	86.7188	I	1057	363
96.3542	0.963478	13.1354	3.00641	A	72.6562	67.1875	I	1503	605
96.3542	0.963499	11.2796	2.15851	A	58.5938	89.0625	I	1530	292
96.4543	0.964519	11.5564	2.90043	A	67.1875	74.2188	I	886	1072
95.8934	0.958872	9.82241	2.60521	A	63.2812	58.5938	I	778	727
95.8333	0.958326	13.9957	5.27875	A	50.7812	51.5625	I	619	115
96.2039	0.962016	12.6787	3.27416	A	73.4375	79.6875	I	1131	534
96.4543	0.964501	13.6899	3.69759	A	68.75	74.2188	I	1133	812
96.3442	0.963457	8.59513	0.356806	A	72.6562	81.25	I	1311	535
95.7332	0.957364	14.6293	3.53461	A	83.5938	90.625	I	1011	889
95.9235	0.959206	16.1647	4.67997	A	33.5938	42.9688	I	1174	584
96.1939	0.961921	14.1492	5.06963	A	58.5938	69.5312	I	1842	373
96.1338	0.961281	13.3319	3.356	A	50	47.6562	I	809	81
96.3041	0.962993	11.3534	2.98013	A	56.25	85.9375	I	1286	366
96.234	0.962299	9.78637	1.95607	A	68.75	79.6875	I	987	760
96.3442	0.963407	10.0732	0.720274	A	63.2812	61.7188	I	1263	970
96.244	0.962408	14.1372	3.94762	A	60.1562	82.8125	I	674	516
96.244	0.962456	11.3953	2.62101	A	61.7188	78.9062	I	753	1037
96.4343	0.964333	10.951	2.52837	A	64.8438	98.4375	I	495	344
95.7632	0.957578	13.4915	1.43317	A	57.0312	70.3125	I	1301	866
95.9736	0.959711	13.7621	2.82002	A	55.4688	79.6875	I	830	1506
95.9235	0.959284	11.7097	2.51742	A	40.625	33.5938	I	706	133
96.274	0.962741	13.8081	3.9096	A	21.875	33.5938	I	1039	1034
95.8033	0.958045	11.6526	2.92575	A	64.8438	87.5	I	702	967
96.2039	0.962047	12.8107	5.4524	A	55.4688	55.4688	I	1187	981
96.2941	0.962914	10.974	3.5012	A	50	48.4375	I	1406	1030
96.0136	0.960107	12.9842	4.71298	A	72.6562	93.75	I	634	467
96.0537	0.960507	11.9531	2.25475	A	67.9688	84.375	I	1553	689
