95.9034	0.95903	17.5018	5.01647	A	58.5938	82.8125	I	673	627
95.9635	0.95958	17.3771	7.82611	A	72.6562	78.125	I	1323	723
95.5929	0.955899	17.0831	7.13133	A	56.25	74.2188	I	936	324
96.0337	0.960296	18.9587	6.6647	A	73.4375	71.875	I	1191	501
95.7532	0.957484	15.531	6.03666	A	50.7812	81.25	I	794	451
95.8634	0.958603	16.3287	4.79836	A	66.4062	96.875	I	816	836
95.9135	0.959081	17.4762	4.24327	A	64.0625	84.375	I	1344	741
95.7933	0.957914	17.8381	5.66004	A	60.9375	60.9375	I	1425	508
96.0637	0.960624	17.6116	7.80877	A	66.4062	84.375	I	892	532
95.9535	0.95949	18.9817	8.58051	A	74.2188	94.5312	I	946	299
95.7131	0.957088	17.2928	5.18554	A	64.0625	100	I	762	916
96.0136	0.960108	17.7124	6.58901	A	58.5938	64.0625	I	957	449
96.0036	0.960028	16.8862	7.25329	A	60.9375	75	I	772	468
96.1438	0.961387	18.8837	6.56029	A	67.1875	79.6875	I	1136	584
96.0837	0.9608	20.7404	8.98916	A	62.5	90.625	I	784	329
95.6831	0.956832	15.9197	5.98201	A	57.8125	88.2812	I	743	292
95.6731	0.956753	19.4288	7.04818	A	58.5938	79.6875	I	927	437
95.4928	0.954926	15.8383	5.19808	A	68.75	94.5312	I	1016	422
95.8333	0.958312	16.4672	4.50864	A	64.8438	78.9062	I	681	275
95.7432	0.957433	18.1523	5.32684	A	62.5	85.1562	I	856	383
95.5429	0.95536	18.2703	7.34674	A	50.7812	78.9062	I	375	294
95.3325	0.953325	17.681	5.39156	A	65.625	92.9688	I	1035	424
96.0537	0.960486	16.1644	4.69531	A	65.625	70.3125	I	900	731
96.0437	0.96041	16.1466	6.87686	A	60.9375	82.8125	I	1253	861
95.7232	0.957214	15.8159	7.60999	A	58.5938	93.75	I	581	398
95.8333	0.958282	18.6599	8.82435	A	60.1562	60.1562	I	1218	471
96.0136	0.960132	18.0308	6.55711	A	60.1562	81.25	I	986	1027
95.7732	0.957719	20.7493	7.36106	A	46.875	91.4062	I	945	443
95.9034	0.959015	17.7161	8.55264	A	69.5312	95.3125	I	757	479
95.8333	0.958319	18.2861	6.79277	A	75	82.8125	I	945	551
95.7532	0.957505	16.6125	3.55401	A	50.7812	95.3125	I	334	364
95.9235	0.959215	17.3845	6.11231	A	68.75	91.4062	I	624	530
95.8734	0.958697	19.5793	6.43945	A	76.5625	82.0312	I	1128	344
95.653	0.956553	19.005	8.85717	A	68.75	92.9688	I	880	409
95.9736	0.95971	15.526	4.85655	A	53.125	39.8438	I	826	163
95.633	0.95629	16.2032	4.9902	A	47.6562	97.6562	I	335	424
95.8233	0.958216	16.4777	5.80868	A	75	83.5938	I	924	541
95.9235	0.959199	20.3825	9.8415	A	60.9375	84.375	I	908	446
95.9736	0.959721	16.2048	7.07886	A	60.1562	66.4062	I	997	651
95.6931	0.956924	17.9498	5.18238	A	53.9062	96.0938	I	632	418
95.8333	0.958289	16.5505	5.70244	A	53.9062	65.625	I	868	540
95.8934	0.9589	15.9541	3.78968	A	57.8125	67.9688	I	776	653
95.8233	0.95822	16.4183	6.16708	A	59.375	84.375	I	1235	416
95.9335	0.959367	16.8931	5.25195	A	65.625	89.0625	I	828	321
95.7432	0.95738	17.9692	8.04364	A	71.0938	78.125	I	1182	932
95.8634	0.958607	15.8458	4.57662	A	71.0938	85.9375	I	1387	505
95.7532	0.957518	15.9501	4.40517	A	71.875	97.6562	I	959	550
95.8433	0.958412	16.9238	5.41695	A	81.25	85.1562	I	1636	556
95.8634	0.958623	17.6624	6.35658	A	77.3438	92.9688	I	785	282
96.1338	0.961296	17.2421	6.70844	A	60.1562	64.0625	I	981	723
95.9635	0.959595	19.0521	7.92747	A	52.3438	85.9375	I	1061	473
95.9936	0.959877	15.8663	6.2627	A	60.1562	85.1562	I	1276	915
96.0537	0.960516	17.1944	5.95648	A	60.9375	85.9375	I	649	406
95.7632	0.957594	17.9184	7.35205	A	53.125	88.2812	I	704	370
95.7532	0.957517	18.5548	4.25213	A	57.0312	97.6562	I	620	351
95.7632	0.957608	17.0209	6.28052	A	58.5938	75	I	1079	698
96.0637	0.960632	17.0476	6.27719	A	57.0312	86.7188	I	752	777
95.643	0.956425	18.0707	6.69394	A	67.1875	96.875	I	1167	391
96.274	0.962711	15.3361	4.15782	A	67.9688	89.8438	I	1000	566
95.8333	0.958285	17.5917	7.45044	A	58.5938	69.5312	I	598	898
95.9635	0.959608	19.351	8.27807	A	67.1875	79.6875	I	907	844
95.5529	0.955527	19.727	8.44012	A	77.3438	90.625	I	923	448
96.4143	0.964135	18.1559	6.78023	A	54.6875	92.1875	I	1683	546
95.8734	0.958685	18.7905	7.95131	A	60.9375	95.3125	I	905	569
95.9435	0.959393	18.1542	7.15577	A	71.875	64.8438	I	1395	683
95.8734	0.9587	17.8251	7.15186	A	64.8438	88.2812	I	890	442
96.0036	0.960019	16.7445	7.11812	A	53.9062	50.7812	I	1159	607
96.0036	0.959992	18.2915	6.56395	A	67.1875	76.5625	I	750	370
95.7432	0.957388	17.4234	7.2907	A	71.875	79.6875	I	1007	896
95.7933	0.957913	17.666	6.39825	A	69.5312	83.5938	I	794	637
95.7432	0.957401	19.5043	6.76733	A	61.7188	94.5312	I	579	502
96.1438	0.961387	18.8035	5.9014	A	68.75	98.4375	I	850	449
95.7532	0.95755	18.5207	5.38543	A	78.9062	83.5938	I	970	449
95.8233	0.958205	17.3941	3.81255	A	68.75	89.8438	I	702	482
95.613	0.956133	20.8095	8.19446	A	70.3125	86.7188	I	559	392
95.7532	0.957471	14.809	3.86507	A	57.8125	100	I	729	266
95.5529	0.955518	15.4431	4.52729	A	65.625	78.125	I	1150	627
95.7432	0.957395	17.0583	7.93763	A	52.3438	61.7188	I	1489	565
96.0837	0.960791	18.0149	7.84918	A	55.4688	71.875	I	932	556
95.5829	0.955796	19.9097	7.88379	A	64.8438	74.2188	I	1089	622
95.9736	0.959711	17.615	4.05188	A	58.5938	86.7188	I	966	1143
95.8834	0.958826	16.6947	5.936	A	58.5938	82.8125	I	674	372
95.9235	0.959182	17.9141	5.31942	A	64.0625	78.125	I	747	491
95.9135	0.959103	18.8539	6.31767	A	53.9062	82.0312	I	862	351
95.7933	0.957881	19.6435	5.7587	A	65.625	71.0938	I	596	675
95.603	0.956029	15.0844	3.60271	A	64.8438	88.2812	I	1033	594
95.9335	0.959275	16.376	6.51623	A	67.1875	74.2188	I	1301	626
95.8634	0.958607	18.4054	6.44844	A	63.2812	94.5312	I	1070	698
95.4728	0.954697	16.3247	5.62939	A	61.7188	81.25	I	1073	369
96.0136	0.960101	18.3167	8.78658	A	53.9062	79.6875	I	701	427
96.0136	0.960114	17.6613	5.45483	A	54.6875	56.25	I	1035	608
95.4828	0.954844	17.9655	4.71063	A	57.0312	73.4375	I	1153	394
95.7833	0.957832	16.5685	4.01111	A	55.4688	75	I	779	402
95.4127	0.95411	18.6311	8.67927	A	59.375	89.0625	I	1621	450
95.9535	0.959509	18.7617	7.12502	A	53.125	73.4375	I	742	259
95.5929	0.955909	16.0901	6.0302	A	50	92.1875	I	939	676
95.8233	0.958187	19.845	4.56148	A	60.9375	74.2188	I	711	891
95.8333	0.958334	15.3975	5.44273	A	66.4062	95.3125	I	587	393
96.3842	0.96383	17.4311	4.41208	A	50	92.9688	I	940	644
96.0236	0.960221	18.3466	6.56061	A	52.3438	84.375	I	991	504
96.0637	0.960592	17.5019	6.99737	A	50.7812	65.625	I	501	259
95.7432	0.957431	15.5428	6.93006	A	54.6875	64.8438	I	1339	854
95.9335	0.959327	18.7797	6.28703	A	69.5312	80.4688	I	818	336
95.7131	0.957106	17.0708	6.60375	A	49.2188	65.625	I	1531	958
95.653	0.956489	16.5816	5.10853	A	52.3438	94.5312	I	852	489
95.9335	0.95931	18.5523	5.97103	A	60.9375	71.875	I	869	838
95.633	0.95625	19.0279	8.54074	A	63.2812	99.2188	I	529	504
96.3241	0.963208	16.9172	5.03296	A	63.2812	75	I	988	469
95.7432	0.957438	18.1293	7.92714	A	42.1875	96.875	I	621	578
95.613	0.956101	15.3533	3.39273	A	78.125	83.5938	I	795	443
95.8433	0.958428	19.0817	4.99715	A	56.25	100	I	607	610
95.5729	0.955717	18.2307	5.58935	A	47.6562	23.4375	I	1238	104
95.9836	0.959797	15.3058	6.64602	A	67.1875	87.5	I	875	412
95.6731	0.95669	18.3093	7.31238	A	69.5312	86.7188	I	782	409
95.8033	0.958009	17.4264	7.27113	A	65.625	79.6875	I	741	762
95.603	0.956015	16.577	5.51529	A	65.625	90.625	I	929	512
95.7933	0.957902	17.4534	4.87869	A	60.1562	79.6875	I	1183	647
95.633	0.956273	18.2208	7.09805	A	53.125	36.7188	I	1382	155
95.6831	0.956821	16.283	3.66518	A	64.0625	89.8438	I	958	455
95.9135	0.959087	16.123	5.75059	A	66.4062	88.2812	I	824	488
95.8033	0.957992	17.5111	7.59635	A	53.9062	98.4375	I	997	560
95.8133	0.958099	20.0625	7.77195	A	48.4375	92.9688	I	332	295
95.6731	0.956693	19.065	7.2218	A	58.5938	83.5938	I	1254	567
96.1639	0.961604	20.6103	6.63724	A	77.3438	98.4375	I	981	1719
95.9235	0.959205	16.3874	6.19974	A	52.3438	89.0625	I	438	301
95.4828	0.954804	18.05	6.94552	A	75	91.4062	I	934	713
95.8734	0.958635	17.3285	5.8968	A	75	80.4688	I	805	398
96.0337	0.960337	17.2061	6.5621	A	61.7188	75	I	1308	708
95.6931	0.95691	18.6345	7.44753	A	74.2188	85.9375	I	676	437
95.5629	0.955688	18.6463	6.58096	A	64.8438	78.9062	I	565	322
95.7031	0.957043	18.1825	8.09623	A	59.375	70.3125	I	582	542
95.7833	0.957839	19.115	7.39533	A	78.125	92.9688	I	1109	473
95.8033	0.958063	16.7299	5.8078	A	17.1875	35.9375	I	1320	571
95.4627	0.954637	16.6026	8.14754	A	79.6875	92.9688	I	831	647
95.4828	0.954879	19.0608	6.07969	A	68.75	79.6875	I	1079	315
95.9736	0.959724	17.8879	4.50315	A	64.0625	98.4375	I	1332	388
95.9034	0.959006	16.5873	4.30467	A	51.5625	87.5	I	1025	450
95.623	0.956216	18.8389	7.20924	A	52.3438	70.3125	I	978	737
95.5128	0.95504	17.1883	7.25787	A	64.0625	100	I	483	1079
95.653	0.956506	17.2937	5.71224	A	57.0312	80.4688	I	1097	282
95.7332	0.957306	14.3615	5.38507	A	49.2188	88.2812	I	464	424
95.8133	0.958101	15.8221	4.89731	A	61.7188	66.4062	I	642	267
95.5429	0.955315	20.362	8.84842	A	62.5	87.5	I	548	577
95.2825	0.952844	18.9987	8.55386	A	68.75	79.6875	I	1352	648
95.7432	0.957421	18.746	8.25318	A	66.4062	80.4688	I	713	360
95.9435	0.959377	19.3365	6.74365	A	68.75	92.1875	I	894	601
95.7833	0.957809	18.2826	8.76925	A	67.9688	74.2188	I	862	366
95.7131	0.957138	17.3775	7.11292	A	64.8438	72.6562	I	839	727
95.7332	0.957325	18.3637	7.24104	A	57.8125	85.1562	I	1003	771
95.7532	0.957487	16.0147	6.07123	A	61.7188	100	I	569	908
95.8433	0.958411	17.4166	5.47803	A	59.375	65.625	I	1069	550
95.9535	0.959489	17.6623	5.27686	A	50	85.9375	I	370	286
95.653	0.956527	19.5956	6.9115	A	60.1562	71.0938	I	1010	801
95.633	0.956357	18.583	5.40193	A	66.4062	99.2188	I	662	469
95.7532	0.957522	18.4768	5.59028	A	65.625	95.3125	I	666	472
96.0437	0.960436	18.8474	4.27332	A	49.2188	53.125	I	1034	243
95.8233	0.958229	15.5468	5.5374	A	49.2188	50.7812	I	1807	558
96.1739	0.961709	16.4502	5.67375	A	58.5938	65.625	I	827	549
95.7632	0.957571	18.6461	8.43179	A	53.125	60.1562	I	1366	944
95.7532	0.957498	18.3684	10.3922	A	53.125	91.4062	I	669	324
96.1939	0.96194	19.4452	7.20153	A	69.5312	82.0312	I	830	559
96.0437	0.960384	17.4458	5.10322	A	67.1875	71.875	I	1345	506
95.6631	0.956612	17.9103	6.79918	A	10.1562	28.9062	I	1244	642
95.8834	0.958787	13.84	6.0335	A	73.4375	83.5938	I	666	959
95.9335	0.959282	19.4632	7.95812	A	60.1562	64.0625	I	1118	881
95.4026	0.95398	17.7657	5.02546	A	60.1562	89.8438	I	654	374
95.9635	0.959581	17.1331	7.28201	A	54.6875	65.625	I	1412	738
95.8634	0.958597	16.2489	4.88897	A	56.25	97.6562	I	511	439
95.7532	0.957519	19.2159	7.98497	A	57.8125	99.2188	I	514	1387
95.9235	0.959219	15.7412	5.60685	A	64.0625	97.6562	I	621	603
95.9034	0.959002	16.9256	6.43537	A	29.6875	39.0625	I	1078	553
95.7532	0.957519	15.7435	3.85773	A	51.5625	99.2188	I	832	548
95.633	0.956301	16.2743	8.39562	A	67.1875	89.0625	I	1004	927
95.7232	0.95725	17.6127	6.84204	A	57.0312	90.625	I	1177	449
95.8634	0.958642	17.1047	4.47728	A	64.8438	97.6562	I	772	419
95.7732	0.957655	17.8143	4.52771	A	57.0312	96.875	I	1113	364
95.5629	0.955684	18.3325	7.68481	A	54.6875	73.4375	I	836	510
96.2039	0.962005	16.6463	6.16165	A	63.2812	73.4375	I	1042	640
95.9034	0.958966	17.2904	6.73568	A	61.7188	96.875	I	949	1248
95.9435	0.959379	18.5486	9.49648	A	46.0938	85.9375	I	559	579
95.9936	0.959916	20.2366	6.89663	A	51.5625	79.6875	I	983	433
95.8133	0.958101	16.8104	4.81902	A	42.1875	78.9062	I	276	288
96.0136	0.960117	19.5727	8.92124	A	68.75	77.3438	I	716	909
95.5028	0.955056	18.067	7.59665	A	73.4375	77.3438	I	660	342
95.9235	0.959192	19.2259	7.10383	A	51.5625	83.5938	I	1183	419
95.7432	0.957422	14.9941	5.61217	A	60.9375	96.0938	I	705	471
96.0236	0.960229	18.0694	7.37714	A	68.75	100	I	708	646
95.6931	0.956828	16.6148	6.81499	A	55.4688	86.7188	I	495	386
95.8834	0.958825	17.65	6.14769	A	73.4375	95.3125	I	922	374
95.7532	0.957517	17.6589	6.18177	A	76.5625	87.5	I	741	368
95.8534	0.958469	20.43	6.94299	A	57.8125	81.25	I	919	805
95.4327	0.954284	18.7252	8.69179	A	73.4375	89.8438	I	1037	323
95.8133	0.95808	17.7723	5.10029	A	57.0312	85.9375	I	1159	565
96.0036	0.959997	17.8175	7.25837	A	57.8125	66.4062	I	712	581
95.5529	0.955523	18.374	5.8432	A	70.3125	79.6875	I	1294	369
95.7532	0.957505	18.9385	5.99668	A	78.125	97.6562	I	1290	1090
96.1238	0.961214	17.1131	6.42805	A	72.6562	82.8125	I	935	672
95.8433	0.95837	17.678	8.07324	A	39.0625	96.0938	I	678	855
95.6731	0.956721	16.3587	4.17707	A	67.1875	98.4375	I	802	666
96.1238	0.961204	16.8049	6.52845	A	52.3438	82.0312	I	693	491
96.1639	0.961593	19.31	6.22163	A	45.3125	100	I	470	804
96.0737	0.960712	19.4831	7.89122	A	68.75	100	I	703	447
96.1538	0.961504	15.1061	4.13506	A	67.1875	75	I	1017	618
95.8433	0.95841	16.4794	7.55051	A	76.5625	83.5938	I	660	439
96.224	0.962202	17.2813	5.23173	A	66.4062	92.9688	I	999	1572
96.2139	0.962121	16.4243	3.42197	A	57.0312	99.2188	I	702	468
96.0337	0.960294	15.5322	4.41948	A	46.0938	81.25	I	1125	822
95.7432	0.957405	20.5251	8.40861	A	76.5625	96.0938	I	1007	410
96.0938	0.96094	18.188	4.87528	A	59.375	98.4375	I	419	415
95.8634	0.95859	18.4978	6.99237	A	70.3125	98.4375	I	845	523
96.0136	0.960084	16.8183	4.18978	A	75.7812	82.8125	I	699	812
95.633	0.956297	18.822	7.87574	A	48.4375	52.3438	I	974	478
96.0236	0.960235	15.6187	7.2882	A	64.0625	96.875	I	1038	832
95.653	0.956483	17.2959	3.15367	A	37.5	97.6562	I	733	2213
95.7432	0.957422	19.2208	6.42101	A	57.0312	87.5	I	573	548
96.1238	0.961187	17.3351	3.72869	A	62.5	88.2812	I	632	603
95.7833	0.957773	16.1574	6.28953	A	60.9375	80.4688	I	1310	506
96.0737	0.96074	18.5583	6.43778	A	41.4062	89.8438	I	332	341
95.8834	0.958763	20.681	5.55584	A	74.2188	98.4375	I	1077	437
95.7632	0.957573	19.1668	9.96618	A	60.9375	99.2188	I	616	793
95.9936	0.959879	13.52	3.78742	A	60.9375	75.7812	I	1233	400
95.4828	0.954802	21.5688	8.20781	A	57.8125	98.4375	I	556	575
95.7031	0.956973	20.5121	6.35103	A	46.875	78.9062	I	1230	488
95.613	0.956062	16.3067	7.05171	A	67.1875	96.875	I	1027	449
95.7131	0.957108	16.0626	4.48799	A	60.1562	96.875	I	957	441
95.4227	0.954167	17.4554	6.61174	A	69.5312	78.9062	I	1002	508
95.6631	0.956638	18.4849	6.87823	A	53.9062	67.1875	I	1032	205
95.7933	0.957846	18.3649	7.58714	A	67.1875	82.8125	I	911	442
95.8634	0.958599	17.678	6.4833	A	67.1875	87.5	I	1140	1403
95.4427	0.954353	18.679	7.30798	A	60.1562	61.7188	I	920	590
95.6631	0.956599	18.7312	7.28234	A	41.4062	93.75	I	799	393
95.7232	0.9572	17.3204	5.29925	A	57.8125	89.0625	I	784	371
95.4327	0.954341	18.2192	8.75544	A	48.4375	75.7812	I	1030	717
96.1338	0.961321	18.791	8.20072	A	62.5	85.1562	I	1097	478
95.8634	0.95856	17.3876	5.32696	A	56.25	71.0938	I	1044	624
96.0737	0.960712	18.1845	3.86411	A	70.3125	92.9688	I	472	221
95.4227	0.954208	16.6084	5.42379	A	52.3438	77.3438	I	1275	204
96.0036	0.960012	19.8457	6.7942	A	52.3438	100	I	358	484
96.0036	0.960046	18.5885	7.29436	A	66.4062	97.6562	I	507	324
96.0737	0.960682	20.7415	6.1177	A	59.375	67.9688	I	670	433
95.8834	0.958834	19.4347	6.25481	A	50.7812	85.1562	I	850	510
95.7031	0.956926	20.1095	9.19608	A	54.6875	97.6562	I	803	687
95.6731	0.956749	15.1735	3.23729	A	75	96.0938	I	824	503
95.5028	0.955017	17.2193	4.93288	A	55.4688	62.5	I	607	305
96.1038	0.961056	19.3398	4.1743	A	53.125	93.75	I	667	540
95.4627	0.954612	17.9026	5.67426	A	63.2812	85.9375	I	1133	479
95.5729	0.9557	15.9243	5.02521	A	67.9688	92.9688	I	605	341
95.7632	0.957591	19.9682	8.14966	A	59.375	83.5938	I	1149	688
95.7732	0.957729	17.5218	5.59068	A	53.9062	89.8438	I	334	293
95.6931	0.956926	15.8523	4.51516	A	70.3125	91.4062	I	686	552
95.9435	0.95949	16.4765	4.10046	A	50	94.5312	I	257	465
96.1038	0.961053	17.9704	8.07794	A	64.8438	71.0938	I	862	448
96.0637	0.96063	16.7296	5.00628	A	72.6562	86.7188	I	956	527
95.7532	0.957546	17.8009	5.559	A	55.4688	62.5	I	1304	557
96.2941	0.962914	16.773	5.92521	A	42.1875	78.125	I	1015	458
95.9635	0.959636	18.4648	7.69714	A	64.0625	84.375	I	936	1266
95.9235	0.959202	17.9853	6.88783	A	53.125	84.375	I	1162	444
95.9736	0.959717	16.7422	6.83238	A	62.5	83.5938	I	626	465
95.623	0.956189	20.6127	10.0654	A	63.2812	85.9375	I	789	1002
95.8333	0.958277	18.2148	4.46701	A	68.75	71.875	I	1003	406
95.5929	0.955876	18.8267	6.70094	A	64.0625	100	I	525	1150
95.9736	0.959728	16.5449	4.08848	A	64.8438	72.6562	I	1610	557
95.7933	0.957966	17.5606	5.00146	A	52.3438	71.0938	I	1459	521
95.9235	0.95919	17.226	4.36012	A	60.9375	75.7812	I	1096	1040
95.8033	0.958003	18.5066	5.99473	A	62.5	89.8438	I	830	468
95.4327	0.954259	17.8359	7.66448	A	71.875	82.0312	I	782	493
96.1739	0.961709	18.2952	8.28011	A	39.8438	38.2812	I	1091	523
95.7432	0.957415	17.8164	7.52164	A	59.375	79.6875	I	1526	715
95.8133	0.958044	19.1964	9.25246	A	57.0312	90.625	I	555	562
96.1338	0.961321	16.8696	7.38761	A	46.875	60.1562	I	986	456
95.5329	0.955269	18.1077	9.16452	A	76.5625	94.5312	I	1257	498
95.6731	0.956665	18.1312	7.96939	A	60.1562	90.625	I	1084	335
96.0938	0.960893	15.4272	4.22364	A	50.7812	82.0312	I	1123	479
95.9335	0.959326	15.4298	2.50295	A	48.4375	85.9375	I	723	416
95.7732	0.957696	16.2746	5.50742	A	60.1562	96.875	I	811	579
95.7131	0.957056	16.122	5.79772	A	48.4375	79.6875	I	755	322
95.623	0.956266	20.0414	8.11949	A	57.8125	95.3125	I	861	627
95.7933	0.957896	17.9761	5.25109	A	63.2812	93.75	I	738	913
95.9736	0.959687	17.6033	6.47509	A	62.5	98.4375	I	472	521
95.7232	0.957251	15.3213	3.23347	A	64.0625	71.875	I	977	456
95.5929	0.955925	16.1797	6.98859	A	42.9688	93.75	I	570	459
96.1238	0.961204	17.7238	7.2573	A	47.6562	67.1875	I	1218	900
95.4427	0.95439	15.4227	3.45876	A	71.875	76.5625	I	1105	347
96.0136	0.960103	18.0712	6.261	A	60.9375	64.0625	I	1051	560
96.0337	0.960293	17.3629	4.25879	A	59.375	96.875	I	1099	474
96.0337	0.960302	16.9633	5.14328	A	57.0312	96.875	I	929	894
95.5329	0.955272	16.7911	5.79959	A	73.4375	99.2188	I	672	782
95.653	0.956481	17.7185	5.07331	A	64.0625	71.875	I	1280	402
95.8934	0.958916	18.0018	7.22548	A	66.4062	89.8438	I	822	389
96.1538	0.961479	17.6624	6.04816	A	67.9688	89.8438	I	728	360
96.244	0.962446	20.7439	3.48007	A	65.625	77.3438	I	1016	645
95.5529	0.955486	19.314	7.43759	A	58.5938	84.375	I	1125	259
96.0537	0.960578	17.2866	6.84818	A	32.8125	39.0625	I	954	743
95.6631	0.956587	16.3412	5.03034	A	53.125	92.9688	I	611	542
96.0437	0.960412	18.7239	6.82218	A	57.0312	88.2812	I	797	516
95.6831	0.95684	14.422	6.1239	A	67.9688	82.8125	I	901	456
95.8934	0.958932	18.3736	6.21777	A	48.4375	89.0625	I	520	372
95.7833	0.957775	15.5288	6.42382	A	75	97.6562	I	818	1125
95.5028	0.955058	16.4406	4.81889	A	60.9375	69.5312	I	909	525
95.9335	0.959322	18.9326	7.5918	A	73.4375	89.8438	I	897	724
95.9836	0.959808	20.0543	7.70249	A	54.6875	82.0312	I	1212	464
95.9635	0.959584	16.4691	6.83189	A	67.1875	90.625	I	1254	557
95.9736	0.959683	18.5502	5.25501	A	64.8438	71.0938	I	1032	959
95.3626	0.953548	19.0165	6.22259	A	50.7812	86.7188	I	1075	469
95.7031	0.956994	17.2492	4.99083	A	75.7812	81.25	I	707	489
95.3926	0.953904	16.8867	5.21771	A	42.9688	95.3125	I	391	492
95.7632	0.957611	20.3733	7.42839	A	62.5	73.4375	I	755	832
95.8834	0.958809	16.12	5.93001	A	60.9375	66.4062	I	1140	884
95.9435	0.959433	15.8586	5.46641	A	60.1562	76.5625	I	1022	551
95.6931	0.956898	16.5052	5.84067	A	72.6562	87.5	I	1122	269
95.5028	0.955023	18.1095	5.40391	A	56.25	99.2188	I	707	323
95.633	0.956317	17.9477	7.61927	A	45.3125	100	I	283	392
95.8934	0.958937	19.8322	6.60767	A	64.8438	82.8125	I	1031	377
95.9235	0.959196	17.4012	5.82152	A	41.4062	78.125	I	520	403
95.8834	0.958816	18.9484	5.73455	A	62.5	85.9375	I	904	406
95.5629	0.955651	18.8108	5.42514	A	63.2812	76.5625	I	1267	615
96.0837	0.960817	18.8669	6.20058	A	72.6562	90.625	I	923	432
96.264	0.962615	15.6927	5.05623	A	50	74.2188	I	1070	309
95.603	0.956072	15.8005	5.90639	A	58.5938	64.8438	I	1141	356
96.0136	0.960096	19.437	8.89023	A	61.7188	87.5	I	1035	685
95.8433	0.958416	17.5028	6.70438	A	58.5938	61.7188	I	984	647
95.8433	0.958441	17.6115	6.49412	A	61.7188	93.75	I	456	274
95.8734	0.9587	18.0172	6.91938	A	61.7188	97.6562	I	1022	493
95.5929	0.955869	19.4288	5.95026	A	75	80.4688	I	1171	396
95.9335	0.959307	17.4359	6.13835	A	70.3125	89.8438	I	916	279
96.2039	0.962009	17.1636	6.95387	A	67.9688	96.875	I	975	1075
95.8834	0.958787	18.1254	6.09367	A	71.0938	89.8438	I	867	785
96.1538	0.961485	15.3771	4.96639	A	55.4688	58.5938	I	1060	509
95.8534	0.958497	20.0823	5.79174	A	66.4062	80.4688	I	778	1028
95.623	0.956187	17.6188	5.42179	A	59.375	71.0938	I	1007	633
95.3526	0.953479	17.4153	6.96664	A	63.2812	82.8125	I	865	331
94.8217	0.948102	18.5945	4.98035	A	60.1562	99.2188	I	584	512
95.7732	0.957722	16.4139	5.80068	A	59.375	84.375	I	785	299
95.8834	0.958828	17.3992	4.9392	A	76.5625	87.5	I	1074	686
96.0337	0.960312	19.113	9.08082	A	56.25	100	I	969	636
95.7332	0.957301	17.5349	6.48635	A	60.9375	64.8438	I	881	834
95.9135	0.959133	16.2744	4.4373	A	62.5	90.625	I	925	1175
95.7031	0.956997	19.4114	7.48231	A	32.0312	96.875	I	274	311
95.6831	0.956843	17.0743	6.60154	A	50.7812	46.875	I	665	161
95.7532	0.957477	17.7059	6.92452	A	45.3125	89.0625	I	744	351
95.5929	0.955967	17.8726	6.63818	A	71.875	82.8125	I	1317	382
96.0236	0.9602	20.1597	6.6679	A	60.1562	92.1875	I	1263	741
95.643	0.956386	16.9597	8.84264	A	46.0938	89.8438	I	424	308
95.8534	0.958508	17.469	6.51366	A	61.7188	84.375	I	842	607
96.0537	0.960525	15.4178	5.60474	A	64.0625	77.3438	I	598	600
95.7432	0.957395	16.7875	6.43343	A	57.0312	87.5	I	833	426
95.8534	0.958518	18.8233	6.45949	A	64.8438	84.375	I	657	478
95.9435	0.959376	16.169	5.74884	A	67.9688	96.0938	I	604	547
95.9235	0.959222	17.5429	7.05638	A	81.25	86.7188	I	988	1187
95.7332	0.957277	19.0509	7.39951	A	46.875	89.0625	I	513	408
95.7031	0.956986	19.2776	6.52399	A	28.9062	97.6562	I	949	446
95.8834	0.958785	17.1608	5.10996	A	52.3438	71.0938	I	821	616
95.9435	0.959418	16.8538	5.75307	A	67.1875	86.7188	I	772	664
95.603	0.95603	17.0417	4.25088	A	64.0625	96.875	I	893	452
95.4627	0.954629	18.597	7.45848	A	58.5938	96.875	I	603	663
95.8534	0.958475	19.1601	7.40327	A	72.6562	78.9062	I	1071	980
95.6731	0.956713	17.3285	5.97992	A	67.9688	82.0312	I	892	625
95.9736	0.959734	17.6608	5.42188	A	66.4062	84.375	I	1148	596
95.7532	0.957482	16.8848	6.93213	A	59.375	96.875	I	771	443
96.1839	0.961821	18.5436	10.0809	A	69.5312	77.3438	I	1197	507
95.8834	0.958813	19.0838	5.09651	A	57.8125	78.125	I	866	446
95.4928	0.954839	17.4117	6.13947	A	53.9062	85.1562	I	803	311
95.9435	0.959405	17.8095	6.76311	A	66.4062	71.0938	I	1195	541
95.633	0.956288	18.6764	6.01725	A	45.3125	69.5312	I	351	336
95.7432	0.957435	19.0889	6.93265	A	47.6562	82.8125	I	718	622
95.7232	0.957214	17.6481	4.60736	A	53.125	77.3438	I	873	432
96.274	0.962701	17.6941	5.08345	A	45.3125	48.4375	I	1081	377
95.5028	0.954984	19.7267	8.77186	A	64.0625	86.7188	I	734	468
95.9034	0.959012	16.372	5.53477	A	60.9375	88.2812	I	821	457
95.9335	0.959317	19.8635	6.21857	A	57.0312	98.4375	I	801	598
95.7432	0.957392	20.3117	7.59145	A	60.9375	94.5312	I	983	465
95.7332	0.957312	17.0351	4.51103	A	52.3438	64.0625	I	794	311
95.3626	0.953577	19.5776	5.92437	A	58.5938	78.9062	I	812	573
95.5228	0.955216	17.8339	6.49291	A	67.9688	81.25	I	1209	275
95.5329	0.955342	17.764	5.70194	A	45.3125	95.3125	I	598	590
95.5929	0.955875	16.014	6.91394	A	56.25	96.875	I	852	292
95.9535	0.959532	17.4868	5.65812	A	61.7188	85.1562	I	1055	948
95.8934	0.958908	19.0093	4.63261	A	75	81.25	I	1202	528
95.7732	0.957654	18.3017	3.87424	A	66.4062	85.9375	I	790	374
95.8734	0.958705	19.8211	10.3709	A	65.625	97.6562	I	723	666
95.613	0.956082	19.7109	6.22984	A	53.125	98.4375	I	717	593
95.9435	0.959397	17.598	5.21324	A	67.1875	99.2188	I	845	662
95.5929	0.95588	17.7252	7.27001	A	53.9062	100	I	791	379
95.4327	0.95427	15.5936	4.85525	A	64.8438	81.25	I	817	578
95.7833	0.957814	18.7956	5.64456	A	60.9375	98.4375	I	678	288
96.1038	0.961023	16.2102	5.00976	A	77.3438	87.5	I	754	314
96.1138	0.961075	17.4997	5.83784	A	60.9375	95.3125	I	820	549
96.1939	0.961909	17.8663	4.67231	A	78.125	90.625	I	1160	517
95.7532	0.95746	18.0415	5.6695	A	20.3125	99.2188	I	190	301
95.7432	0.957424	16.6027	6.98978	A	56.25	83.5938	I	1111	887
95.9335	0.959305	17.3618	6.57947	A	67.1875	84.375	I	1107	822
95.9034	0.958972	17.9091	5.15195	A	32.8125	100	I	175	385
95.623	0.956249	17.3542	5.5993	A	67.1875	70.3125	I	678	341
95.8734	0.958752	16.9009	8.51523	A	67.9688	90.625	I	924	753
95.3125	0.953109	19.0409	7.39026	A	56.25	73.4375	I	1263	392
95.8934	0.958904	17.1243	5.84553	A	60.9375	85.9375	I	763	386
96.1538	0.961515	14.6697	4.60051	A	74.2188	77.3438	I	1084	504
95.8233	0.958236	16.7316	7.62449	A	60.9375	100	I	785	510
95.8534	0.958544	19.1366	8.42793	A	64.8438	87.5	I	925	372
96.0337	0.960311	18.7078	7.52559	A	61.7188	68.75	I	932	822
96.0537	0.960503	16.2893	7.21677	A	60.9375	64.0625	I	1211	876
95.5529	0.955526	16.9974	5.94525	A	59.375	96.0938	I	625	755
96.1538	0.96149	17.5351	8.59067	A	57.0312	68.75	I	932	824
95.7131	0.957095	16.1276	4.55519	A	57.0312	95.3125	I	518	669
96.0938	0.960918	16.9844	5.12803	A	69.5312	94.5312	I	762	467
95.5128	0.955106	18.5793	5.52144	A	43.75	81.25	I	536	575
95.5128	0.955123	18.6761	8.67641	A	62.5	74.2188	I	1003	415
95.8133	0.958094	19.1437	7.49846	A	57.0312	78.9062	I	1097	497
95.6731	0.956686	17.2144	4.73755	A	53.125	71.0938	I	702	930
95.6831	0.956853	17.7889	6.34104	A	54.6875	97.6562	I	525	401
96.1739	0.961742	17.3362	6.74673	A	69.5312	88.2812	I	1197	672
95.7031	0.957069	15.4778	4.60644	A	68.75	83.5938	I	720	707
95.6731	0.956674	16.7632	5.19556	A	58.5938	76.5625	I	1057	338
95.7532	0.957493	19.2018	6.66787	A	57.0312	84.375	I	1015	478
95.4627	0.954605	17.8725	3.41706	A	56.25	53.9062	I	2162	553
95.9335	0.959337	17.5161	6.74884	A	48.4375	94.5312	I	909	308
95.8033	0.95798	14.767	4.73203	A	63.2812	71.0938	I	1273	555
95.7332	0.957298	19.23	8.74664	A	75.7812	90.625	I	1093	556
96.0236	0.960214	17.2069	4.23801	A	53.125	74.2188	I	889	478
95.603	0.956048	18.7873	8.02729	A	50.7812	53.125	I	1106	462
95.3626	0.953546	17.1461	4.93383	A	47.6562	98.4375	I	384	392
95.5329	0.955263	17.313	5.962	A	69.5312	96.0938	I	609	504
95.6731	0.956682	20.6737	8.36137	A	75	99.2188	I	544	871
95.8133	0.958115	19.1767	7.21053	A	59.375	92.9688	I	738	508
95.9836	0.959803	17.9871	8.00944	A	57.8125	86.7188	I	634	538
96.2139	0.9621	18.9028	8.08915	A	58.5938	80.4688	I	761	612
95.7632	0.957599	17.6135	6.86319	A	52.3438	49.2188	I	1313	442
95.8333	0.958253	18.7185	4.45424	A	64.8438	93.75	I	860	631
95.6931	0.956865	17.3144	4.05038	A	66.4062	82.0312	I	677	379
95.9535	0.9595	16.1778	5.49196	A	55.4688	78.125	I	535	538
95.9736	0.959693	17.9005	4.94391	A	67.1875	78.9062	I	634	183
95.8734	0.958739	17.7973	7.30646	A	69.5312	69.5312	I	951	909
95.9135	0.959126	18.5301	6.76879	A	65.625	79.6875	I	744	661
95.6631	0.95657	17.3713	7.72621	A	54.6875	83.5938	I	830	486
95.8534	0.958505	17.5041	5.74515	A	60.9375	91.4062	I	799	514
95.7933	0.957899	18.2619	7.64597	A	53.125	88.2812	I	841	607
95.8133	0.958122	16.2825	4.89767	A	51.5625	90.625	I	494	383
95.8834	0.958808	18.9331	8.36307	A	52.3438	96.875	I	656	361
96.1939	0.961887	16.711	6.17028	A	55.4688	80.4688	I	830	470
95.7131	0.957106	17.3935	3.84653	A	57.0312	91.4062	I	803	495
95.5729	0.955719	18.7239	5.51811	A	69.5312	84.375	I	1287	495
95.8133	0.958107	18.1056	6.09756	A	42.1875	97.6562	I	515	465
96.1038	0.960985	18.7654	6.46053	A	72.6562	84.375	I	896	481
96.1338	0.961294	18.0668	6.45977	A	53.125	98.4375	I	1072	571
95.2424	0.952424	18.8522	6.69777	A	46.875	82.0312	I	554	399
95.7532	0.957483	18.2655	7.47595	A	58.5938	74.2188	I	1216	527
95.9135	0.959111	17.6335	8.51798	A	60.1562	64.8438	I	1292	608
95.7232	0.957216	17.8995	5.73057	A	22.6562	25	I	1522	478
95.8634	0.9586	14.6113	5.05621	A	48.4375	68.75	I	635	360
95.7732	0.957657	18.639	4.58245	A	73.4375	95.3125	I	745	403
95.7332	0.957301	18.411	5.93863	A	63.2812	76.5625	I	1076	406
96.0337	0.960249	18.6434	4.12318	A	53.9062	85.9375	I	1062	462
95.8233	0.958237	18.5638	7.06539	A	76.5625	96.875	I	627	699
96.1338	0.961311	16.9503	4.98691	A	73.4375	89.8438	I	906	439
95.6731	0.95673	19.9236	9.60535	A	64.0625	81.25	I	1015	627
95.8634	0.958616	17.2991	7.58227	A	78.125	86.7188	I	867	303
95.7732	0.957703	14.9697	6.77531	A	54.6875	67.9688	I	1022	333
96.0537	0.960499	19.3307	6.86103	A	58.5938	63.2812	I	766	773
95.8033	0.958026	18.5551	10.361	A	32.8125	99.2188	I	345	380
96.1038	0.961014	20.5127	9.03692	A	43.75	82.8125	I	927	409
96.7047	0.967035	15.7773	6.98758	A	67.1875	79.6875	I	1385	505
96.0637	0.960615	14.9074	4.07815	A	69.5312	85.1562	I	645	915
96.0236	0.960206	17.7199	4.17681	A	52.3438	93.75	I	896	552
95.3926	0.9539	17.5546	5.84802	A	53.125	92.9688	I	633	530
95.6731	0.956676	16.1385	5.19599	A	46.0938	63.2812	I	1457	1317
95.5729	0.955722	17.9745	4.58234	A	71.875	87.5	I	750	257
95.7933	0.957894	19.8144	7.40324	A	81.25	90.625	I	773	504
95.7833	0.957765	18.8545	6.99144	A	55.4688	65.625	I	1284	361
95.8133	0.958113	21.3718	5.27866	A	46.875	98.4375	I	503	573
95.4327	0.954309	17.5243	6.38128	A	66.4062	67.9688	I	1057	762
95.7232	0.957186	16.6204	6.01836	A	67.9688	96.0938	I	882	840
95.9635	0.959603	17.3595	6.36131	A	62.5	82.8125	I	749	366
96.1138	0.961087	18.4222	7.06925	A	71.875	79.6875	I	955	409
95.6631	0.956585	16.1715	6.56524	A	65.625	64.8438	I	1004	548
95.8133	0.95812	18.1098	5.97049	A	72.6562	86.7188	I	1026	467
95.8734	0.958684	15.9938	5.19737	A	67.9688	90.625	I	1083	406
95.8233	0.958191	18.4007	5.80549	A	66.4062	97.6562	I	726	480
95.9034	0.95892	18.8351	8.73761	A	72.6562	85.9375	I	894	527
95.4928	0.954881	18.6493	7.83838	A	60.9375	92.9688	I	905	473
95.9335	0.959305	19.075	7.09706	A	69.5312	99.2188	I	958	406
96.1138	0.9611	19.0082	6.1737	A	76.5625	96.0938	I	849	596
95.8534	0.958538	16.9626	5.25782	A	42.9688	100	I	407	452
95.8534	0.958501	15.7433	6.73348	A	68.75	82.8125	I	610	466
95.9736	0.95971	17.5639	6.5431	A	55.4688	97.6562	I	687	462
95.7933	0.957906	16.3357	4.85512	A	69.5312	86.7188	I	1240	537
95.7332	0.957333	18.7654	7.0359	A	67.9688	70.3125	I	1141	449
95.9635	0.959657	17.7862	6.02528	A	44.5312	83.5938	I	906	493
95.7332	0.957302	16.1779	6.49312	A	67.1875	89.8438	I	1001	734
95.3826	0.95381	17.1508	9.11866	A	48.4375	89.0625	I	800	546
95.5529	0.955556	19.4816	5.36637	A	61.7188	91.4062	I	1056	697
95.7332	0.957272	18.7224	6.02574	A	33.5938	100	I	294	747
95.9235	0.959271	17.3718	5.74351	A	54.6875	97.6562	I	1165	601
95.8033	0.95798	18.872	6.811	A	61.7188	63.2812	I	890	521
95.7031	0.957026	16.2231	5.61396	A	63.2812	94.5312	I	781	764
95.8133	0.958102	19.3338	7.05335	A	64.0625	75	I	1137	678
95.9235	0.959263	17.1233	7.05131	A	50.7812	68.75	I	1356	531
96.0136	0.960147	16.0675	5.21303	A	65.625	79.6875	I	1142	490
95.6931	0.956841	17.6174	5.98704	A	60.9375	82.8125	I	455	340
95.7432	0.957334	17.3464	6.98655	A	75.7812	93.75	I	736	391
95.9435	0.959375	18.5709	8.14726	A	66.4062	90.625	I	975	494
95.3626	0.953555	15.4309	4.84735	A	67.1875	73.4375	I	963	810
96.1538	0.96157	16.4935	6.07751	A	68.75	82.0312	I	904	405
95.5929	0.955927	18.5289	6.19171	A	64.0625	62.5	I	1523	866
95.7732	0.957692	17.6892	6.69016	A	40.625	100	I	209	475
95.7833	0.957777	18.8004	9.16123	A	58.5938	99.2188	I	456	405
95.7732	0.957691	17.5023	4.46744	A	57.8125	74.2188	I	982	539
95.7833	0.957777	17.9453	3.93009	A	51.5625	92.1875	I	718	761
95.8534	0.958518	18.9071	10.1054	A	64.0625	84.375	I	971	710
96.0537	0.96053	17.6359	4.65608	A	71.0938	82.8125	I	994	529
95.5829	0.955783	16.7186	10.1465	A	37.5	42.9688	I	710	550
95.9836	0.959771	18.2114	5.18275	A	59.375	88.2812	I	785	525
95.9335	0.959305	18.0287	4.39677	A	60.1562	71.0938	I	1549	651
96.0938	0.960874	17.5958	6.96438	A	64.8438	95.3125	I	489	392
95.8534	0.95848	20.3733	6.75649	A	44.5312	46.0938	I	1037	1039
95.3926	0.95386	17.6876	6.18917	A	56.25	97.6562	I	672	468
95.6931	0.956933	14.0602	5.40035	A	52.3438	92.1875	I	883	464
95.9836	0.959778	16.1341	6.56281	A	70.3125	82.8125	I	764	633
95.643	0.956467	18.6903	8.25094	A	70.3125	99.2188	I	715	873
95.7131	0.957085	16.8797	5.28905	A	61.7188	93.75	I	675	552
95.5729	0.955689	18.6129	8.02412	A	25.7812	38.2812	I	1015	420
95.7332	0.957308	18.2295	6.27744	A	59.375	100	I	893	345
95.8433	0.958391	14.4413	3.32149	A	59.375	76.5625	I	1163	944
95.9235	0.959184	14.5502	6.35305	A	81.25	78.9062	I	1020	674
95.5228	0.955189	17.9401	5.63092	A	71.875	96.0938	I	871	1088
95.7532	0.957542	18.953	9.09536	A	67.9688	98.4375	I	997	497
95.9635	0.959606	17.3429	5.51281	A	59.375	79.6875	I	784	581
95.613	0.956168	17.8903	8.36818	A	50	60.1562	I	759	528
95.8734	0.958717	15.8234	7.20269	A	65.625	98.4375	I	502	370
95.623	0.956215	20.386	8.51846	A	29.6875	85.9375	I	1023	329
95.4928	0.954899	16.1994	5.54409	A	76.5625	83.5938	I	885	375
95.9936	0.959887	17.288	5.60711	A	74.2188	82.0312	I	1347	476
95.613	0.956069	18.8221	7.13804	A	67.1875	79.6875	I	778	633
95.7933	0.957908	17.7818	6.53028	A	74.2188	86.7188	I	901	529
95.5529	0.955519	16.2012	5.57056	A	54.6875	83.5938	I	613	258
95.5829	0.955756	15.9504	6.04069	A	36.7188	91.4062	I	1026	426
95.8333	0.958353	17.0175	6.63349	A	56.25	94.5312	I	916	587
96.0637	0.960617	18.5373	7.29606	A	69.5312	78.9062	I	1139	614
95.6831	0.956785	16.1021	5.24905	A	60.9375	85.9375	I	1071	233
95.6731	0.956695	18.2715	5.47041	A	66.4062	79.6875	I	1087	699
95.613	0.956107	18.7074	8.19033	A	60.9375	92.9688	I	942	544
95.8433	0.958409	16.0405	4.28462	A	67.1875	86.7188	I	1192	372
95.8834	0.958754	18.1445	5.44315	A	62.5	68.75	I	1187	653
95.8033	0.958011	16.6671	5.38813	A	56.25	67.1875	I	1716	556
95.8033	0.958006	18.1127	6.99434	A	61.7188	93.75	I	942	314
96.1538	0.961519	19.149	6.03102	A	53.125	82.8125	I	596	619
95.7632	0.95762	14.2658	4.74964	A	53.125	50	I	816	837
95.7031	0.956982	18.486	6.06873	A	64.0625	78.125	I	1153	415
95.8834	0.958783	15.8613	4.78803	A	47.6562	89.0625	I	708	875
95.643	0.956434	18.3256	6.54071	A	54.6875	94.5312	I	773	626
95.9235	0.959217	17.082	6.63874	A	69.5312	77.3438	I	718	420
95.6831	0.956798	17.4707	6.73871	A	36.7188	41.4062	I	1363	791
95.7031	0.956978	20.3748	8.00239	A	49.2188	75.7812	I	690	339
96.0737	0.960694	18.7522	6.99486	A	51.5625	71.0938	I	936	833
95.9836	0.959792	17.568	4.506	A	68.75	71.0938	I	1136	457
95.5729	0.955714	19.8837	8.85369	A	42.9688	85.1562	I	320	275
95.7933	0.957907	18.3277	6.52941	A	65.625	82.8125	I	1065	643
95.7532	0.957491	15.862	5.67631	A	66.4062	94.5312	I	668	668
95.603	0.955931	17.0178	5.7713	A	53.125	96.875	I	477	551
95.8433	0.958383	14.866	3.04801	A	70.3125	99.2188	I	967	1447
95.9135	0.959166	16.4046	4.70835	A	58.5938	57.8125	I	1087	606
95.8033	0.958006	18.0943	6.33578	A	74.2188	83.5938	I	1069	366
95.8433	0.95844	17.0001	6.05281	A	36.7188	82.8125	I	630	374
95.9235	0.959229	16.6212	4.99814	A	46.875	94.5312	I	886	358
95.9836	0.95976	17.7053	6.70966	A	65.625	82.0312	I	608	789
96.0437	0.960423	18.8838	8.14513	A	50.7812	65.625	I	960	671
95.7933	0.957932	17.6797	4.75476	A	51.5625	69.5312	I	902	489
95.5429	0.955341	21.3707	5.70582	A	72.6562	86.7188	I	846	800
95.9836	0.959804	18.5455	8.92588	A	68.75	85.1562	I	807	397
95.643	0.956429	17.1078	3.95462	A	61.7188	95.3125	I	925	1203
95.6631	0.956684	16.5904	7.10076	A	58.5938	98.4375	I	687	382
95.7332	0.957294	17.3403	5.11054	A	60.1562	60.1562	I	960	473
95.8333	0.958299	19.5059	7.02468	A	48.4375	97.6562	I	257	484
96.1338	0.961322	17.1294	5.49765	A	73.4375	88.2812	I	897	669
96.0236	0.960231	17.7428	6.4751	A	57.0312	73.4375	I	963	544
95.9034	0.958993	17.9632	6.54135	A	55.4688	89.8438	I	723	608
95.3926	0.953865	19.9597	5.25036	A	40.625	92.1875	I	279	363
96.264	0.962617	18.0479	4.51538	A	64.0625	80.4688	I	903	498
95.8133	0.958071	17.6324	6.91473	A	52.3438	96.0938	I	671	418
95.8133	0.958125	16.1572	6.77845	A	38.2812	85.1562	I	806	448
95.9435	0.959362	21.2906	7.66401	A	65.625	67.9688	I	640	238
95.8233	0.958212	19.2369	7.09737	A	59.375	99.2188	I	994	1133
95.7332	0.957315	19.106	7.73103	A	68.75	78.9062	I	978	288
95.5729	0.95575	20.2279	8.89942	A	69.5312	86.7188	I	886	520
96.1739	0.961705	18.2479	6.25371	A	55.4688	64.0625	I	1242	614
95.9034	0.959013	17.5629	8.97791	A	60.1562	72.6562	I	861	720
95.4828	0.954796	20.9046	9.24613	A	47.6562	77.3438	I	949	752
95.6731	0.956677	18.8228	5.60335	A	50.7812	77.3438	I	1164	628
95.9635	0.959605	16.4423	6.40174	A	69.5312	91.4062	I	915	559
95.8934	0.95889	18.0809	5.93151	A	75	93.75	I	1140	417
95.4227	0.954244	19.0538	7.09278	A	65.625	79.6875	I	871	466
95.8634	0.958635	17.8073	6.09577	A	70.3125	88.2812	I	639	624
96.0637	0.960627	13.7	5.62346	A	57.0312	92.1875	I	673	433
95.623	0.956173	15.7503	4.89289	A	72.6562	81.25	I	859	492
95.8834	0.958798	16.5218	5.91808	A	62.5	69.5312	I	1422	714
95.5929	0.955936	16.1759	6.67773	A	67.9688	80.4688	I	1022	508
96.0136	0.960058	16.1838	3.09735	A	53.9062	69.5312	I	1067	520
96.0637	0.960609	19.4405	9.05746	A	66.4062	75	I	1060	591
95.8133	0.958117	16.6881	6.44375	A	72.6562	85.1562	I	767	762
95.7432	0.957411	17.4768	6.98988	A	64.0625	68.75	I	1003	427
96.1538	0.961495	15.7196	4.65959	A	60.9375	80.4688	I	1467	266
96.0337	0.960352	18.934	5.02718	A	42.1875	87.5	I	402	259
95.4527	0.954481	19.462	6.38436	A	67.9688	82.0312	I	727	577
95.4728	0.954674	17.3331	5.74541	A	57.8125	94.5312	I	591	354
95.5429	0.955367	17.2918	5.6768	A	44.5312	92.9688	I	410	263
96.0337	0.960301	16.7921	4.63137	A	64.0625	96.0938	I	786	746
96.0737	0.9607	18.4217	7.62189	A	75	81.25	I	1030	699
95.7732	0.957694	17.5287	5.61582	A	58.5938	91.4062	I	801	347
95.9034	0.959007	18.2306	5.97969	A	75	76.5625	I	692	682
95.8233	0.958156	17.4629	6.85206	A	61.7188	85.9375	I	1193	731
95.6931	0.956947	16.1487	4.65829	A	42.9688	89.0625	I	753	479
95.653	0.956526	17.9175	5.958	A	55.4688	79.6875	I	772	264
95.8934	0.958918	17.5234	7.15993	A	53.125	61.7188	I	798	763
95.6631	0.956551	16.2892	6.07282	A	64.0625	80.4688	I	772	472
95.9235	0.959206	17.7159	6.40036	A	71.0938	86.7188	I	899	452
96.1038	0.961008	17.2148	7.27398	A	75.7812	92.1875	I	925	472
95.8433	0.958395	16.8588	6.86469	A	53.9062	99.2188	I	886	534
95.7532	0.957544	17.5209	5.24179	A	67.1875	79.6875	I	1270	550
95.6931	0.956917	18.9506	5.57538	A	76.5625	95.3125	I	986	321
95.653	0.956496	17.8231	5.78163	A	61.7188	72.6562	I	1062	345
96.0938	0.96091	16.4751	4.69693	A	64.0625	89.8438	I	882	717
95.8934	0.958868	15.9597	5.32232	A	22.6562	36.7188	I	903	745
95.7031	0.956988	15.7546	5.64823	A	71.875	95.3125	I	718	666
96.0637	0.960602	14.2505	4.6666	A	55.4688	98.4375	I	406	351
95.9034	0.959007	17.2286	5.64826	A	78.9062	87.5	I	635	651
95.603	0.956	19.8722	9.86991	A	50	93.75	I	651	366
95.7131	0.95708	19.6046	5.54735	A	61.7188	88.2812	I	963	929
95.9335	0.959327	18.2287	8.14214	A	59.375	81.25	I	896	397
96.0036	0.959979	19.3097	7.09453	A	56.25	91.4062	I	807	545
95.623	0.956138	17.4433	5.54379	A	56.25	76.5625	I	765	438
95.5228	0.955158	16.847	4.43933	A	58.5938	85.1562	I	770	446
95.9034	0.959025	19.4152	7.46797	A	78.125	92.9688	I	532	870
95.7432	0.957436	17.4418	7.68896	A	52.3438	100	I	535	758
95.8333	0.958316	18.2637	8.15823	A	63.2812	95.3125	I	1031	484
95.653	0.956488	22.539	8.875	A	46.0938	80.4688	I	393	334
95.613	0.956102	17.9615	3.81361	A	60.1562	85.9375	I	910	649
95.5529	0.955452	20.0499	7.48183	A	64.0625	83.5938	I	602	1092
95.613	0.95613	18.8072	6.84163	A	70.3125	85.1562	I	1190	523
95.5929	0.955872	17.8794	4.11236	A	55.4688	96.0938	I	1087	605
96.0136	0.960065	18.271	7.90303	A	50.7812	84.375	I	339	346
96.0437	0.960398	16.1604	5.06837	A	44.5312	97.6562	I	287	355
96.0938	0.960925	17.8756	6.85096	A	67.9688	84.375	I	970	315
95.7833	0.957852	16.0257	4.94859	A	37.5	88.2812	I	259	345
95.3425	0.953457	16.0907	5.67842	A	48.4375	81.25	I	1146	265
95.8834	0.958812	17.1979	4.94596	A	62.5	67.1875	I	801	1078
95.8534	0.958517	16.7736	5.84309	A	49.2188	90.625	I	567	563
95.8033	0.957984	16.3877	7.61686	A	53.9062	60.1562	I	1310	724
95.6631	0.956601	19.007	7.46573	A	46.0938	94.5312	I	409	466
95.7332	0.957337	14.9653	5.77456	A	39.0625	73.4375	I	816	1117
95.8834	0.958803	18.0612	6.41827	A	59.375	95.3125	I	974	578
95.9034	0.958997	17.9775	6.48039	A	71.0938	85.1562	I	868	285
96.1739	0.961683	18.7393	7.30507	A	57.0312	89.8438	I	998	648
95.6931	0.956915	16.6468	3.73391	A	61.7188	96.0938	I	732	687
95.8433	0.958423	17.879	6.89979	A	64.0625	100	I	600	1120
95.9635	0.959602	17.492	7.57297	A	58.5938	98.4375	I	467	284
95.4828	0.954856	20.2669	7.70507	A	64.0625	77.3438	I	736	516
95.8433	0.958424	15.3844	4.04893	A	52.3438	95.3125	I	633	479
95.9034	0.958994	17.773	8.4302	A	73.4375	78.125	I	1070	289
96.254	0.962522	19.528	5.28058	A	60.9375	85.1562	I	1451	384
95.5629	0.955561	18.0984	5.39863	A	59.375	76.5625	I	1014	982
95.7131	0.957122	17.8682	5.73486	A	50	66.4062	I	1060	534
95.6731	0.956787	17.3798	6.33763	A	57.0312	70.3125	I	573	580
96.0437	0.960404	19.3938	5.68117	A	47.6562	89.8438	I	661	377
95.3425	0.953372	18.3057	7.26565	A	36.7188	45.3125	I	1080	596
95.7632	0.957613	16.4484	5.89317	A	71.0938	92.9688	I	840	506
95.9135	0.959106	16.1546	3.96684	A	34.375	44.5312	I	1274	594
95.8834	0.958784	17.3726	4.34901	A	55.4688	62.5	I	954	944
95.603	0.956019	19.8736	8.21582	A	58.5938	78.9062	I	665	296
95.6831	0.956795	14.4554	6.88027	A	60.9375	76.5625	I	1003	488
95.9635	0.959624	18.2983	5.10992	A	50	99.2188	I	244	597
95.8433	0.958406	17.6861	7.75699	A	63.2812	92.9688	I	844	708
95.7232	0.957214	18.6534	7.55176	A	70.3125	82.8125	I	708	170
95.9335	0.959274	17.0976	6.3497	A	56.25	87.5	I	796	458
95.8233	0.958241	17.861	9.12137	A	60.9375	94.5312	I	809	613
95.8734	0.958646	15.8053	3.66728	A	76.5625	98.4375	I	1534	519
96.0837	0.9608	16.418	5.42139	A	71.0938	89.8438	I	1426	675
95.8934	0.958882	17.1934	7.9221	A	64.8438	89.0625	I	1632	540
96.0036	0.960014	18.566	4.79705	A	66.4062	82.0312	I	906	734
96.1438	0.961404	19.4711	5.72726	A	72.6562	97.6562	I	876	543
